[2.409s] DEBUG:colcon:Command line arguments: ['/usr/bin/colcon', 'build', '--packages-select', 'py_pubsub']
[2.410s] DEBUG:colcon:Parsed command line arguments: Namespace(allow_overriding=[], ament_cmake_args=None, base_paths=['.'], build_base='build', catkin_cmake_args=None, catkin_skip_building_tests=False, cmake_args=None, cmake_clean_cache=False, cmake_clean_first=False, cmake_force_configure=False, cmake_target=None, cmake_target_skip_unavailable=False, continue_on_error=False, event_handlers=None, executor='parallel', ignore_user_meta=False, install_base='install', log_base=None, log_level=None, main=<bound method BuildVerb.main of <colcon_core.verb.build.BuildVerb object at 0x7fd44c70fa90>>, merge_install=False, metas=['./colcon.meta'], packages_above=None, packages_above_and_dependencies=None, packages_above_depth=None, packages_end=None, packages_ignore=None, packages_ignore_regex=None, packages_select=['py_pubsub'], packages_select_build_failed=False, packages_select_by_dep=None, packages_select_regex=None, packages_select_test_failures=False, packages_skip=None, packages_skip_build_finished=False, packages_skip_by_dep=None, packages_skip_regex=None, packages_skip_test_passed=False, packages_skip_up_to=None, packages_start=None, packages_up_to=None, packages_up_to_regex=None, parallel_workers=8, paths=None, symlink_install=False, test_result_base=None, verb_extension=<colcon_core.verb.build.BuildVerb object at 0x7fd44c70fa90>, verb_name='build', verb_parser=<colcon_defaults.argument_parser.defaults.DefaultArgumentsDecorator object at 0x7fd44c69b040>)
[2.721s] Level 1:colcon.colcon_core.package_discovery:discover_packages(colcon_meta) check parameters
[2.722s] Level 1:colcon.colcon_core.package_discovery:discover_packages(recursive) check parameters
[2.723s] Level 1:colcon.colcon_core.package_discovery:discover_packages(ignore) check parameters
[2.723s] Level 1:colcon.colcon_core.package_discovery:discover_packages(path) check parameters
[2.724s] Level 1:colcon.colcon_core.package_discovery:discover_packages(colcon_meta) discover
[2.724s] Level 1:colcon.colcon_core.package_discovery:discover_packages(recursive) discover
[2.725s] INFO:colcon.colcon_core.package_discovery:Crawling recursively for packages in '/mnt/c/Users/Justin/OneDrive/Documents/GitHub/CADD-E/UI-App/flask-server/ros2_ws'
[2.729s] Level 1:colcon.colcon_core.package_identification:_identify(.) by extensions ['ignore', 'ignore_ament_install']
[2.729s] Level 1:colcon.colcon_core.package_identification:_identify(.) by extension 'ignore'
[2.731s] Level 1:colcon.colcon_core.package_identification:_identify(.) by extension 'ignore_ament_install'
[2.732s] Level 1:colcon.colcon_core.package_identification:_identify(.) by extensions ['colcon_pkg']
[2.733s] Level 1:colcon.colcon_core.package_identification:_identify(.) by extension 'colcon_pkg'
[2.734s] Level 1:colcon.colcon_core.package_identification:_identify(.) by extensions ['colcon_meta']
[2.734s] Level 1:colcon.colcon_core.package_identification:_identify(.) by extension 'colcon_meta'
[2.735s] Level 1:colcon.colcon_core.package_identification:_identify(.) by extensions ['ros']
[2.735s] Level 1:colcon.colcon_core.package_identification:_identify(.) by extension 'ros'
[2.777s] Level 1:colcon.colcon_core.package_identification:_identify(.) by extensions ['cmake', 'python']
[2.778s] Level 1:colcon.colcon_core.package_identification:_identify(.) by extension 'cmake'
[2.779s] Level 1:colcon.colcon_core.package_identification:_identify(.) by extension 'python'
[2.780s] Level 1:colcon.colcon_core.package_identification:_identify(.) by extensions ['python_setup_py']
[2.780s] Level 1:colcon.colcon_core.package_identification:_identify(.) by extension 'python_setup_py'
[2.787s] Level 1:colcon.colcon_core.package_identification:_identify(build) by extensions ['ignore', 'ignore_ament_install']
[2.788s] Level 1:colcon.colcon_core.package_identification:_identify(build) by extension 'ignore'
[2.791s] Level 1:colcon.colcon_core.package_identification:_identify(build) ignored
[2.798s] Level 1:colcon.colcon_core.package_identification:_identify(install) by extensions ['ignore', 'ignore_ament_install']
[2.799s] Level 1:colcon.colcon_core.package_identification:_identify(install) by extension 'ignore'
[2.803s] Level 1:colcon.colcon_core.package_identification:_identify(install) ignored
[2.814s] Level 1:colcon.colcon_core.package_identification:_identify(log) by extensions ['ignore', 'ignore_ament_install']
[2.815s] Level 1:colcon.colcon_core.package_identification:_identify(log) by extension 'ignore'
[2.817s] Level 1:colcon.colcon_core.package_identification:_identify(log) ignored
[2.824s] Level 1:colcon.colcon_core.package_identification:_identify(src) by extensions ['ignore', 'ignore_ament_install']
[2.825s] Level 1:colcon.colcon_core.package_identification:_identify(src) by extension 'ignore'
[2.827s] Level 1:colcon.colcon_core.package_identification:_identify(src) by extension 'ignore_ament_install'
[2.830s] Level 1:colcon.colcon_core.package_identification:_identify(src) by extensions ['colcon_pkg']
[2.831s] Level 1:colcon.colcon_core.package_identification:_identify(src) by extension 'colcon_pkg'
[2.833s] Level 1:colcon.colcon_core.package_identification:_identify(src) by extensions ['colcon_meta']
[2.833s] Level 1:colcon.colcon_core.package_identification:_identify(src) by extension 'colcon_meta'
[2.835s] Level 1:colcon.colcon_core.package_identification:_identify(src) by extensions ['ros']
[2.836s] Level 1:colcon.colcon_core.package_identification:_identify(src) by extension 'ros'
[2.845s] Level 1:colcon.colcon_core.package_identification:_identify(src) by extensions ['cmake', 'python']
[2.845s] Level 1:colcon.colcon_core.package_identification:_identify(src) by extension 'cmake'
[2.847s] Level 1:colcon.colcon_core.package_identification:_identify(src) by extension 'python'
[2.850s] Level 1:colcon.colcon_core.package_identification:_identify(src) by extensions ['python_setup_py']
[2.850s] Level 1:colcon.colcon_core.package_identification:_identify(src) by extension 'python_setup_py'
[2.864s] Level 1:colcon.colcon_core.package_identification:_identify(src/py_pubsub) by extensions ['ignore', 'ignore_ament_install']
[2.865s] Level 1:colcon.colcon_core.package_identification:_identify(src/py_pubsub) by extension 'ignore'
[2.869s] Level 1:colcon.colcon_core.package_identification:_identify(src/py_pubsub) by extension 'ignore_ament_install'
[2.875s] Level 1:colcon.colcon_core.package_identification:_identify(src/py_pubsub) by extensions ['colcon_pkg']
[2.876s] Level 1:colcon.colcon_core.package_identification:_identify(src/py_pubsub) by extension 'colcon_pkg'
[2.879s] Level 1:colcon.colcon_core.package_identification:_identify(src/py_pubsub) by extensions ['colcon_meta']
[2.880s] Level 1:colcon.colcon_core.package_identification:_identify(src/py_pubsub) by extension 'colcon_meta'
[2.885s] Level 1:colcon.colcon_core.package_identification:_identify(src/py_pubsub) by extensions ['ros']
[2.885s] Level 1:colcon.colcon_core.package_identification:_identify(src/py_pubsub) by extension 'ros'
[2.925s] DEBUG:colcon.colcon_core.package_identification:Package 'src/py_pubsub' with type 'ros.ament_python' and name 'py_pubsub'
[2.926s] Level 1:colcon.colcon_core.package_discovery:discover_packages(recursive) using defaults
[2.927s] Level 1:colcon.colcon_core.package_discovery:discover_packages(ignore) discover
[2.927s] Level 1:colcon.colcon_core.package_discovery:discover_packages(ignore) using defaults
[2.928s] Level 1:colcon.colcon_core.package_discovery:discover_packages(path) discover
[2.928s] Level 1:colcon.colcon_core.package_discovery:discover_packages(path) using defaults
[3.233s] Level 1:colcon.colcon_core.package_discovery:discover_packages(prefix_path) check parameters
[3.233s] Level 1:colcon.colcon_core.package_discovery:discover_packages(prefix_path) discover
[3.358s] DEBUG:colcon.colcon_installed_package_information.package_discovery:Found 1 installed packages in /mnt/c/Users/Justin/OneDrive/Documents/GitHub/CADD-E/UI-App/flask-server/ros2_ws/install
[3.435s] DEBUG:colcon.colcon_installed_package_information.package_discovery:Found 1 installed packages in /mnt/c/Users/Justin/OneDrive/Documents/GitHub/CADD-E/UI-App/flask-server/install
[3.455s] DEBUG:colcon.colcon_installed_package_information.package_discovery:Found 256 installed packages in /opt/ros/foxy
[3.456s] Level 1:colcon.colcon_core.package_discovery:discover_packages(prefix_path) using defaults
[3.589s] Level 5:colcon.colcon_core.verb:set package 'py_pubsub' build argument 'cmake_args' from command line to 'None'
[3.590s] Level 5:colcon.colcon_core.verb:set package 'py_pubsub' build argument 'cmake_target' from command line to 'None'
[3.590s] Level 5:colcon.colcon_core.verb:set package 'py_pubsub' build argument 'cmake_target_skip_unavailable' from command line to 'False'
[3.591s] Level 5:colcon.colcon_core.verb:set package 'py_pubsub' build argument 'cmake_clean_cache' from command line to 'False'
[3.591s] Level 5:colcon.colcon_core.verb:set package 'py_pubsub' build argument 'cmake_clean_first' from command line to 'False'
[3.592s] Level 5:colcon.colcon_core.verb:set package 'py_pubsub' build argument 'cmake_force_configure' from command line to 'False'
[3.592s] Level 5:colcon.colcon_core.verb:set package 'py_pubsub' build argument 'ament_cmake_args' from command line to 'None'
[3.593s] Level 5:colcon.colcon_core.verb:set package 'py_pubsub' build argument 'catkin_cmake_args' from command line to 'None'
[3.593s] Level 5:colcon.colcon_core.verb:set package 'py_pubsub' build argument 'catkin_skip_building_tests' from command line to 'False'
[3.594s] DEBUG:colcon.colcon_core.verb:Building package 'py_pubsub' with the following arguments: {'ament_cmake_args': None, 'build_base': '/mnt/c/Users/Justin/OneDrive/Documents/GitHub/CADD-E/UI-App/flask-server/ros2_ws/build/py_pubsub', 'catkin_cmake_args': None, 'catkin_skip_building_tests': False, 'cmake_args': None, 'cmake_clean_cache': False, 'cmake_clean_first': False, 'cmake_force_configure': False, 'cmake_target': None, 'cmake_target_skip_unavailable': False, 'install_base': '/mnt/c/Users/Justin/OneDrive/Documents/GitHub/CADD-E/UI-App/flask-server/ros2_ws/install/py_pubsub', 'merge_install': False, 'path': '/mnt/c/Users/Justin/OneDrive/Documents/GitHub/CADD-E/UI-App/flask-server/ros2_ws/src/py_pubsub', 'symlink_install': False, 'test_result_base': None}
[3.595s] INFO:colcon.colcon_core.executor:Executing jobs using 'parallel' executor
[3.599s] DEBUG:colcon.colcon_parallel_executor.executor.parallel:run_until_complete
[3.600s] INFO:colcon.colcon_ros.task.ament_python.build:Building ROS package in '/mnt/c/Users/Justin/OneDrive/Documents/GitHub/CADD-E/UI-App/flask-server/ros2_ws/src/py_pubsub' with build type 'ament_python'
[3.601s] Level 1:colcon.colcon_core.shell:create_environment_hook('py_pubsub', 'ament_prefix_path')
[3.652s] INFO:colcon.colcon_core.plugin_system:Skipping extension 'colcon_core.shell.bat': Not used on non-Windows systems
[3.652s] INFO:colcon.colcon_core.shell:Creating environment hook '/mnt/c/Users/Justin/OneDrive/Documents/GitHub/CADD-E/UI-App/flask-server/ros2_ws/install/py_pubsub/share/py_pubsub/hook/ament_prefix_path.ps1'
[3.690s] INFO:colcon.colcon_core.shell:Creating environment descriptor '/mnt/c/Users/Justin/OneDrive/Documents/GitHub/CADD-E/UI-App/flask-server/ros2_ws/install/py_pubsub/share/py_pubsub/hook/ament_prefix_path.dsv'
[3.725s] INFO:colcon.colcon_core.shell:Creating environment hook '/mnt/c/Users/Justin/OneDrive/Documents/GitHub/CADD-E/UI-App/flask-server/ros2_ws/install/py_pubsub/share/py_pubsub/hook/ament_prefix_path.sh'
[3.761s] INFO:colcon.colcon_core.shell:Skip shell extension 'powershell' for command environment: Not usable outside of PowerShell
[3.762s] DEBUG:colcon.colcon_core.shell:Skip shell extension 'dsv' for command environment
[6.899s] INFO:colcon.colcon_core.task.python.build:Building Python package in '/mnt/c/Users/Justin/OneDrive/Documents/GitHub/CADD-E/UI-App/flask-server/ros2_ws/src/py_pubsub'
[6.901s] INFO:colcon.colcon_core.shell:Skip shell extension 'powershell' for command environment: Not usable outside of PowerShell
[6.901s] DEBUG:colcon.colcon_core.shell:Skip shell extension 'dsv' for command environment
[11.987s] DEBUG:colcon.colcon_core.event_handler.log_command:Invoking command in '/mnt/c/Users/Justin/OneDrive/Documents/GitHub/CADD-E/UI-App/flask-server/ros2_ws/src/py_pubsub': PS1=(venv) \[\e]0;\u@\h: \w\a\]${debian_chroot:+($debian_chroot)}\[\033[01;32m\]\u@\h\[\033[00m\]:\[\033[01;34m\]\w\[\033[00m\]\$ PYTHONPATH=/mnt/c/Users/Justin/OneDrive/Documents/GitHub/CADD-E/UI-App/flask-server/ros2_ws/build/py_pubsub/prefix_override:/mnt/c/Users/Justin/OneDrive/Documents/GitHub/CADD-E/UI-App/flask-server/ros2_ws/install/py_pubsub/lib/python3.8/site-packages:${PYTHONPATH} /usr/bin/python3 setup.py egg_info --egg-base ../../build/py_pubsub build --build-base /mnt/c/Users/Justin/OneDrive/Documents/GitHub/CADD-E/UI-App/flask-server/ros2_ws/build/py_pubsub/build install --record /mnt/c/Users/Justin/OneDrive/Documents/GitHub/CADD-E/UI-App/flask-server/ros2_ws/build/py_pubsub/install.log --install-scripts $base/lib/py_pubsub --single-version-externally-managed
[18.250s] DEBUG:colcon.colcon_core.event_handler.log_command:Invoked command in '/mnt/c/Users/Justin/OneDrive/Documents/GitHub/CADD-E/UI-App/flask-server/ros2_ws/src/py_pubsub' returned '0': PS1=(venv) \[\e]0;\u@\h: \w\a\]${debian_chroot:+($debian_chroot)}\[\033[01;32m\]\u@\h\[\033[00m\]:\[\033[01;34m\]\w\[\033[00m\]\$ PYTHONPATH=/mnt/c/Users/Justin/OneDrive/Documents/GitHub/CADD-E/UI-App/flask-server/ros2_ws/build/py_pubsub/prefix_override:/mnt/c/Users/Justin/OneDrive/Documents/GitHub/CADD-E/UI-App/flask-server/ros2_ws/install/py_pubsub/lib/python3.8/site-packages:${PYTHONPATH} /usr/bin/python3 setup.py egg_info --egg-base ../../build/py_pubsub build --build-base /mnt/c/Users/Justin/OneDrive/Documents/GitHub/CADD-E/UI-App/flask-server/ros2_ws/build/py_pubsub/build install --record /mnt/c/Users/Justin/OneDrive/Documents/GitHub/CADD-E/UI-App/flask-server/ros2_ws/build/py_pubsub/install.log --install-scripts $base/lib/py_pubsub --single-version-externally-managed
[18.302s] Level 1:colcon.colcon_core.environment:checking '/mnt/c/Users/Justin/OneDrive/Documents/GitHub/CADD-E/UI-App/flask-server/ros2_ws/install/py_pubsub' for CMake module files
[18.461s] Level 1:colcon.colcon_core.environment:checking '/mnt/c/Users/Justin/OneDrive/Documents/GitHub/CADD-E/UI-App/flask-server/ros2_ws/install/py_pubsub' for CMake config files
[18.733s] Level 1:colcon.colcon_core.environment:checking '/mnt/c/Users/Justin/OneDrive/Documents/GitHub/CADD-E/UI-App/flask-server/ros2_ws/install/py_pubsub/lib'
[18.745s] Level 1:colcon.colcon_core.environment:checking '/mnt/c/Users/Justin/OneDrive/Documents/GitHub/CADD-E/UI-App/flask-server/ros2_ws/install/py_pubsub/bin'
[18.749s] Level 1:colcon.colcon_core.environment:checking '/mnt/c/Users/Justin/OneDrive/Documents/GitHub/CADD-E/UI-App/flask-server/ros2_ws/install/py_pubsub/lib/pkgconfig/py_pubsub.pc'
[18.754s] Level 1:colcon.colcon_core.environment:checking '/mnt/c/Users/Justin/OneDrive/Documents/GitHub/CADD-E/UI-App/flask-server/ros2_ws/install/py_pubsub/lib/python3.8/site-packages'
[18.762s] Level 1:colcon.colcon_core.shell:create_environment_hook('py_pubsub', 'pythonpath')
[18.764s] INFO:colcon.colcon_core.shell:Creating environment hook '/mnt/c/Users/Justin/OneDrive/Documents/GitHub/CADD-E/UI-App/flask-server/ros2_ws/install/py_pubsub/share/py_pubsub/hook/pythonpath.ps1'
[18.805s] INFO:colcon.colcon_core.shell:Creating environment descriptor '/mnt/c/Users/Justin/OneDrive/Documents/GitHub/CADD-E/UI-App/flask-server/ros2_ws/install/py_pubsub/share/py_pubsub/hook/pythonpath.dsv'
[18.846s] INFO:colcon.colcon_core.shell:Creating environment hook '/mnt/c/Users/Justin/OneDrive/Documents/GitHub/CADD-E/UI-App/flask-server/ros2_ws/install/py_pubsub/share/py_pubsub/hook/pythonpath.sh'
[18.888s] Level 1:colcon.colcon_core.environment:checking '/mnt/c/Users/Justin/OneDrive/Documents/GitHub/CADD-E/UI-App/flask-server/ros2_ws/install/py_pubsub/bin'
[18.892s] Level 1:colcon.colcon_core.environment:create_environment_scripts_only(py_pubsub)
[18.894s] INFO:colcon.colcon_core.shell:Creating package script '/mnt/c/Users/Justin/OneDrive/Documents/GitHub/CADD-E/UI-App/flask-server/ros2_ws/install/py_pubsub/share/py_pubsub/package.ps1'
[18.929s] INFO:colcon.colcon_core.shell:Creating package descriptor '/mnt/c/Users/Justin/OneDrive/Documents/GitHub/CADD-E/UI-App/flask-server/ros2_ws/install/py_pubsub/share/py_pubsub/package.dsv'
[18.964s] INFO:colcon.colcon_core.shell:Creating package script '/mnt/c/Users/Justin/OneDrive/Documents/GitHub/CADD-E/UI-App/flask-server/ros2_ws/install/py_pubsub/share/py_pubsub/package.sh'
[18.998s] INFO:colcon.colcon_core.shell:Creating package script '/mnt/c/Users/Justin/OneDrive/Documents/GitHub/CADD-E/UI-App/flask-server/ros2_ws/install/py_pubsub/share/py_pubsub/package.bash'
[19.033s] INFO:colcon.colcon_core.shell:Creating package script '/mnt/c/Users/Justin/OneDrive/Documents/GitHub/CADD-E/UI-App/flask-server/ros2_ws/install/py_pubsub/share/py_pubsub/package.zsh'
[19.068s] Level 1:colcon.colcon_core.environment:create_file_with_runtime_dependencies(/mnt/c/Users/Justin/OneDrive/Documents/GitHub/CADD-E/UI-App/flask-server/ros2_ws/install/py_pubsub/share/colcon-core/packages/py_pubsub)
[19.094s] DEBUG:colcon.colcon_parallel_executor.executor.parallel:closing loop
[19.094s] DEBUG:colcon.colcon_parallel_executor.executor.parallel:loop closed
[19.095s] DEBUG:colcon.colcon_parallel_executor.executor.parallel:run_until_complete finished with '0'
[19.096s] DEBUG:colcon.colcon_core.event_reactor:joining thread
[19.279s] INFO:colcon.colcon_core.plugin_system:Skipping extension 'colcon_notification.desktop_notification.notify_send': Could not find 'notify-send'
[19.280s] INFO:colcon.colcon_core.plugin_system:Skipping extension 'colcon_notification.desktop_notification.terminal_notifier': Not used on non-Darwin systems
[19.281s] INFO:colcon.colcon_core.plugin_system:Skipping extension 'colcon_notification.desktop_notification.win32': Not used on non-Windows systems
[19.282s] INFO:colcon.colcon_notification.desktop_notification:Sending desktop notification using 'notify2'
[19.288s] DEBUG:colcon.colcon_notification.desktop_notification.notify2:Failed to initialize notify2: org.freedesktop.DBus.Error.ServiceUnknown: The name org.freedesktop.Notifications was not provided by any .service files
[19.289s] DEBUG:colcon.colcon_core.event_reactor:joined thread
[19.291s] INFO:colcon.colcon_core.shell:Creating prefix script '/mnt/c/Users/Justin/OneDrive/Documents/GitHub/CADD-E/UI-App/flask-server/ros2_ws/install/local_setup.ps1'
[19.304s] INFO:colcon.colcon_core.shell:Creating prefix util module '/mnt/c/Users/Justin/OneDrive/Documents/GitHub/CADD-E/UI-App/flask-server/ros2_ws/install/_local_setup_util_ps1.py'
[19.317s] INFO:colcon.colcon_core.shell:Creating prefix chain script '/mnt/c/Users/Justin/OneDrive/Documents/GitHub/CADD-E/UI-App/flask-server/ros2_ws/install/setup.ps1'
[19.366s] INFO:colcon.colcon_core.shell:Creating prefix script '/mnt/c/Users/Justin/OneDrive/Documents/GitHub/CADD-E/UI-App/flask-server/ros2_ws/install/local_setup.sh'
[19.378s] INFO:colcon.colcon_core.shell:Creating prefix util module '/mnt/c/Users/Justin/OneDrive/Documents/GitHub/CADD-E/UI-App/flask-server/ros2_ws/install/_local_setup_util_sh.py'
[19.389s] INFO:colcon.colcon_core.shell:Creating prefix chain script '/mnt/c/Users/Justin/OneDrive/Documents/GitHub/CADD-E/UI-App/flask-server/ros2_ws/install/setup.sh'
[19.437s] INFO:colcon.colcon_core.shell:Creating prefix script '/mnt/c/Users/Justin/OneDrive/Documents/GitHub/CADD-E/UI-App/flask-server/ros2_ws/install/local_setup.bash'
[19.450s] INFO:colcon.colcon_core.shell:Creating prefix chain script '/mnt/c/Users/Justin/OneDrive/Documents/GitHub/CADD-E/UI-App/flask-server/ros2_ws/install/setup.bash'
[19.503s] INFO:colcon.colcon_core.shell:Creating prefix script '/mnt/c/Users/Justin/OneDrive/Documents/GitHub/CADD-E/UI-App/flask-server/ros2_ws/install/local_setup.zsh'
[19.515s] INFO:colcon.colcon_core.shell:Creating prefix chain script '/mnt/c/Users/Justin/OneDrive/Documents/GitHub/CADD-E/UI-App/flask-server/ros2_ws/install/setup.zsh'
