[4.674s] DEBUG:colcon:Command line arguments: ['/usr/bin/colcon', 'build', '--symlink-install']
[4.676s] DEBUG:colcon:Parsed command line arguments: Namespace(allow_overriding=[], ament_cmake_args=None, base_paths=['.'], build_base='build', catkin_cmake_args=None, catkin_skip_building_tests=False, cmake_args=None, cmake_clean_cache=False, cmake_clean_first=False, cmake_force_configure=False, cmake_target=None, cmake_target_skip_unavailable=False, continue_on_error=False, event_handlers=None, executor='parallel', ignore_user_meta=False, install_base='install', log_base=None, log_level=None, main=<bound method BuildVerb.main of <colcon_core.verb.build.BuildVerb object at 0x7f1a4d4487c0>>, merge_install=False, metas=['./colcon.meta'], packages_above=None, packages_above_and_dependencies=None, packages_above_depth=None, packages_end=None, packages_ignore=None, packages_ignore_regex=None, packages_select=None, packages_select_build_failed=False, packages_select_by_dep=None, packages_select_regex=None, packages_select_test_failures=False, packages_skip=None, packages_skip_build_finished=False, packages_skip_by_dep=None, packages_skip_regex=None, packages_skip_test_passed=False, packages_skip_up_to=None, packages_start=None, packages_up_to=None, packages_up_to_regex=None, parallel_workers=8, paths=None, symlink_install=True, test_result_base=None, verb_extension=<colcon_core.verb.build.BuildVerb object at 0x7f1a4d4487c0>, verb_name='build', verb_parser=<colcon_defaults.argument_parser.defaults.DefaultArgumentsDecorator object at 0x7f1a4d3d54c0>)
[5.231s] Level 1:colcon.colcon_core.package_discovery:discover_packages(colcon_meta) check parameters
[5.234s] Level 1:colcon.colcon_core.package_discovery:discover_packages(recursive) check parameters
[5.235s] Level 1:colcon.colcon_core.package_discovery:discover_packages(ignore) check parameters
[5.238s] Level 1:colcon.colcon_core.package_discovery:discover_packages(path) check parameters
[5.240s] Level 1:colcon.colcon_core.package_discovery:discover_packages(colcon_meta) discover
[5.240s] Level 1:colcon.colcon_core.package_discovery:discover_packages(recursive) discover
[5.241s] INFO:colcon.colcon_core.package_discovery:Crawling recursively for packages in '/mnt/c/Users/Justin/OneDrive/Documents/Github/CADD-E/UI-App/flask-server/ros2_ws'
[5.245s] Level 1:colcon.colcon_core.package_identification:_identify(.) by extensions ['ignore', 'ignore_ament_install']
[5.246s] Level 1:colcon.colcon_core.package_identification:_identify(.) by extension 'ignore'
[5.249s] Level 1:colcon.colcon_core.package_identification:_identify(.) by extension 'ignore_ament_install'
[5.252s] Level 1:colcon.colcon_core.package_identification:_identify(.) by extensions ['colcon_pkg']
[5.254s] Level 1:colcon.colcon_core.package_identification:_identify(.) by extension 'colcon_pkg'
[5.256s] Level 1:colcon.colcon_core.package_identification:_identify(.) by extensions ['colcon_meta']
[5.257s] Level 1:colcon.colcon_core.package_identification:_identify(.) by extension 'colcon_meta'
[5.258s] Level 1:colcon.colcon_core.package_identification:_identify(.) by extensions ['ros']
[5.258s] Level 1:colcon.colcon_core.package_identification:_identify(.) by extension 'ros'
[5.340s] Level 1:colcon.colcon_core.package_identification:_identify(.) by extensions ['cmake', 'python']
[5.340s] Level 1:colcon.colcon_core.package_identification:_identify(.) by extension 'cmake'
[5.343s] Level 1:colcon.colcon_core.package_identification:_identify(.) by extension 'python'
[5.345s] Level 1:colcon.colcon_core.package_identification:_identify(.) by extensions ['python_setup_py']
[5.346s] Level 1:colcon.colcon_core.package_identification:_identify(.) by extension 'python_setup_py'
[5.356s] Level 1:colcon.colcon_core.package_identification:_identify(build) by extensions ['ignore', 'ignore_ament_install']
[5.357s] Level 1:colcon.colcon_core.package_identification:_identify(build) by extension 'ignore'
[5.364s] Level 1:colcon.colcon_core.package_identification:_identify(build) ignored
[5.373s] Level 1:colcon.colcon_core.package_identification:_identify(install) by extensions ['ignore', 'ignore_ament_install']
[5.375s] Level 1:colcon.colcon_core.package_identification:_identify(install) by extension 'ignore'
[5.382s] Level 1:colcon.colcon_core.package_identification:_identify(install) ignored
[5.398s] Level 1:colcon.colcon_core.package_identification:_identify(log) by extensions ['ignore', 'ignore_ament_install']
[5.399s] Level 1:colcon.colcon_core.package_identification:_identify(log) by extension 'ignore'
[5.402s] Level 1:colcon.colcon_core.package_identification:_identify(log) ignored
[5.413s] Level 1:colcon.colcon_core.package_identification:_identify(src) by extensions ['ignore', 'ignore_ament_install']
[5.414s] Level 1:colcon.colcon_core.package_identification:_identify(src) by extension 'ignore'
[5.419s] Level 1:colcon.colcon_core.package_identification:_identify(src) by extension 'ignore_ament_install'
[5.426s] Level 1:colcon.colcon_core.package_identification:_identify(src) by extensions ['colcon_pkg']
[5.427s] Level 1:colcon.colcon_core.package_identification:_identify(src) by extension 'colcon_pkg'
[5.430s] Level 1:colcon.colcon_core.package_identification:_identify(src) by extensions ['colcon_meta']
[5.431s] Level 1:colcon.colcon_core.package_identification:_identify(src) by extension 'colcon_meta'
[5.435s] Level 1:colcon.colcon_core.package_identification:_identify(src) by extensions ['ros']
[5.436s] Level 1:colcon.colcon_core.package_identification:_identify(src) by extension 'ros'
[5.450s] Level 1:colcon.colcon_core.package_identification:_identify(src) by extensions ['cmake', 'python']
[5.451s] Level 1:colcon.colcon_core.package_identification:_identify(src) by extension 'cmake'
[5.456s] Level 1:colcon.colcon_core.package_identification:_identify(src) by extension 'python'
[5.460s] Level 1:colcon.colcon_core.package_identification:_identify(src) by extensions ['python_setup_py']
[5.461s] Level 1:colcon.colcon_core.package_identification:_identify(src) by extension 'python_setup_py'
[5.481s] Level 1:colcon.colcon_core.package_identification:_identify(src/py_pubsub) by extensions ['ignore', 'ignore_ament_install']
[5.482s] Level 1:colcon.colcon_core.package_identification:_identify(src/py_pubsub) by extension 'ignore'
[5.488s] Level 1:colcon.colcon_core.package_identification:_identify(src/py_pubsub) by extension 'ignore_ament_install'
[5.500s] Level 1:colcon.colcon_core.package_identification:_identify(src/py_pubsub) by extensions ['colcon_pkg']
[5.501s] Level 1:colcon.colcon_core.package_identification:_identify(src/py_pubsub) by extension 'colcon_pkg'
[5.507s] Level 1:colcon.colcon_core.package_identification:_identify(src/py_pubsub) by extensions ['colcon_meta']
[5.508s] Level 1:colcon.colcon_core.package_identification:_identify(src/py_pubsub) by extension 'colcon_meta'
[5.517s] Level 1:colcon.colcon_core.package_identification:_identify(src/py_pubsub) by extensions ['ros']
[5.518s] Level 1:colcon.colcon_core.package_identification:_identify(src/py_pubsub) by extension 'ros'
[5.574s] DEBUG:colcon.colcon_core.package_identification:Package 'src/py_pubsub' with type 'ros.ament_python' and name 'py_pubsub'
[5.575s] Level 1:colcon.colcon_core.package_discovery:discover_packages(recursive) using defaults
[5.576s] Level 1:colcon.colcon_core.package_discovery:discover_packages(ignore) discover
[5.577s] Level 1:colcon.colcon_core.package_discovery:discover_packages(ignore) using defaults
[5.578s] Level 1:colcon.colcon_core.package_discovery:discover_packages(path) discover
[5.578s] Level 1:colcon.colcon_core.package_discovery:discover_packages(path) using defaults
[6.123s] Level 1:colcon.colcon_core.package_discovery:discover_packages(prefix_path) check parameters
[6.124s] Level 1:colcon.colcon_core.package_discovery:discover_packages(prefix_path) discover
[6.322s] DEBUG:colcon.colcon_installed_package_information.package_discovery:Found 1 installed packages in /mnt/c/Users/Justin/OneDrive/Documents/Github/CADD-E/UI-App/flask-server/ros2_ws/install
[6.483s] DEBUG:colcon.colcon_installed_package_information.package_discovery:Found 1 installed packages in /mnt/c/Users/Justin/OneDrive/Documents/GitHub/CADD-E/UI-App/flask-server/install
[6.521s] DEBUG:colcon.colcon_installed_package_information.package_discovery:Found 256 installed packages in /opt/ros/foxy
[6.523s] Level 1:colcon.colcon_core.package_discovery:discover_packages(prefix_path) using defaults
[6.747s] Level 5:colcon.colcon_core.verb:set package 'py_pubsub' build argument 'cmake_args' from command line to 'None'
[6.748s] Level 5:colcon.colcon_core.verb:set package 'py_pubsub' build argument 'cmake_target' from command line to 'None'
[6.749s] Level 5:colcon.colcon_core.verb:set package 'py_pubsub' build argument 'cmake_target_skip_unavailable' from command line to 'False'
[6.749s] Level 5:colcon.colcon_core.verb:set package 'py_pubsub' build argument 'cmake_clean_cache' from command line to 'False'
[6.750s] Level 5:colcon.colcon_core.verb:set package 'py_pubsub' build argument 'cmake_clean_first' from command line to 'False'
[6.751s] Level 5:colcon.colcon_core.verb:set package 'py_pubsub' build argument 'cmake_force_configure' from command line to 'False'
[6.753s] Level 5:colcon.colcon_core.verb:set package 'py_pubsub' build argument 'ament_cmake_args' from command line to 'None'
[6.754s] Level 5:colcon.colcon_core.verb:set package 'py_pubsub' build argument 'catkin_cmake_args' from command line to 'None'
[6.755s] Level 5:colcon.colcon_core.verb:set package 'py_pubsub' build argument 'catkin_skip_building_tests' from command line to 'False'
[6.756s] DEBUG:colcon.colcon_core.verb:Building package 'py_pubsub' with the following arguments: {'ament_cmake_args': None, 'build_base': '/mnt/c/Users/Justin/OneDrive/Documents/Github/CADD-E/UI-App/flask-server/ros2_ws/build/py_pubsub', 'catkin_cmake_args': None, 'catkin_skip_building_tests': False, 'cmake_args': None, 'cmake_clean_cache': False, 'cmake_clean_first': False, 'cmake_force_configure': False, 'cmake_target': None, 'cmake_target_skip_unavailable': False, 'install_base': '/mnt/c/Users/Justin/OneDrive/Documents/Github/CADD-E/UI-App/flask-server/ros2_ws/install/py_pubsub', 'merge_install': False, 'path': '/mnt/c/Users/Justin/OneDrive/Documents/Github/CADD-E/UI-App/flask-server/ros2_ws/src/py_pubsub', 'symlink_install': True, 'test_result_base': None}
[6.757s] INFO:colcon.colcon_core.executor:Executing jobs using 'parallel' executor
[6.761s] DEBUG:colcon.colcon_parallel_executor.executor.parallel:run_until_complete
[6.762s] INFO:colcon.colcon_ros.task.ament_python.build:Building ROS package in '/mnt/c/Users/Justin/OneDrive/Documents/Github/CADD-E/UI-App/flask-server/ros2_ws/src/py_pubsub' with build type 'ament_python'
[6.763s] Level 1:colcon.colcon_core.shell:create_environment_hook('py_pubsub', 'ament_prefix_path')
[6.861s] INFO:colcon.colcon_core.plugin_system:Skipping extension 'colcon_core.shell.bat': Not used on non-Windows systems
[6.864s] INFO:colcon.colcon_core.shell:Creating environment hook '/mnt/c/Users/Justin/OneDrive/Documents/Github/CADD-E/UI-App/flask-server/ros2_ws/install/py_pubsub/share/py_pubsub/hook/ament_prefix_path.ps1'
[6.933s] INFO:colcon.colcon_core.shell:Creating environment descriptor '/mnt/c/Users/Justin/OneDrive/Documents/Github/CADD-E/UI-App/flask-server/ros2_ws/install/py_pubsub/share/py_pubsub/hook/ament_prefix_path.dsv'
[6.997s] INFO:colcon.colcon_core.shell:Creating environment hook '/mnt/c/Users/Justin/OneDrive/Documents/Github/CADD-E/UI-App/flask-server/ros2_ws/install/py_pubsub/share/py_pubsub/hook/ament_prefix_path.sh'
[7.063s] INFO:colcon.colcon_core.shell:Skip shell extension 'powershell' for command environment: Not usable outside of PowerShell
[7.063s] DEBUG:colcon.colcon_core.shell:Skip shell extension 'dsv' for command environment
[13.587s] INFO:colcon.colcon_core.task.python.build:Building Python package in '/mnt/c/Users/Justin/OneDrive/Documents/Github/CADD-E/UI-App/flask-server/ros2_ws/src/py_pubsub'
[13.589s] INFO:colcon.colcon_core.shell:Skip shell extension 'powershell' for command environment: Not usable outside of PowerShell
[13.590s] DEBUG:colcon.colcon_core.shell:Skip shell extension 'dsv' for command environment
[24.085s] DEBUG:colcon.colcon_core.event_handler.log_command:Invoking command in '/mnt/c/Users/Justin/OneDrive/Documents/Github/CADD-E/UI-App/flask-server/ros2_ws/build/py_pubsub': PS1=(venv) \[\e]0;\u@\h: \w\a\]${debian_chroot:+($debian_chroot)}\[\033[01;32m\]\u@\h\[\033[00m\]:\[\033[01;34m\]\w\[\033[00m\]\$ PYTHONPATH=/mnt/c/Users/Justin/OneDrive/Documents/Github/CADD-E/UI-App/flask-server/ros2_ws/build/py_pubsub/prefix_override:/mnt/c/Users/Justin/OneDrive/Documents/Github/CADD-E/UI-App/flask-server/ros2_ws/install/py_pubsub/lib/python3.8/site-packages:${PYTHONPATH} /usr/bin/python3 setup.py develop --editable --build-directory /mnt/c/Users/Justin/OneDrive/Documents/Github/CADD-E/UI-App/flask-server/ros2_ws/build/py_pubsub/build --no-deps install_data
[36.001s] Level 1:colcon.colcon_core.shell:create_environment_hook('py_pubsub', 'pythonpath_develop')
[36.003s] INFO:colcon.colcon_core.shell:Creating environment hook '/mnt/c/Users/Justin/OneDrive/Documents/Github/CADD-E/UI-App/flask-server/ros2_ws/build/py_pubsub/share/py_pubsub/hook/pythonpath_develop.ps1'
[36.008s] DEBUG:colcon.colcon_core.event_handler.log_command:Invoked command in '/mnt/c/Users/Justin/OneDrive/Documents/Github/CADD-E/UI-App/flask-server/ros2_ws/build/py_pubsub' returned '0': PS1=(venv) \[\e]0;\u@\h: \w\a\]${debian_chroot:+($debian_chroot)}\[\033[01;32m\]\u@\h\[\033[00m\]:\[\033[01;34m\]\w\[\033[00m\]\$ PYTHONPATH=/mnt/c/Users/Justin/OneDrive/Documents/Github/CADD-E/UI-App/flask-server/ros2_ws/build/py_pubsub/prefix_override:/mnt/c/Users/Justin/OneDrive/Documents/Github/CADD-E/UI-App/flask-server/ros2_ws/install/py_pubsub/lib/python3.8/site-packages:${PYTHONPATH} /usr/bin/python3 setup.py develop --editable --build-directory /mnt/c/Users/Justin/OneDrive/Documents/Github/CADD-E/UI-App/flask-server/ros2_ws/build/py_pubsub/build --no-deps install_data
[36.063s] INFO:colcon.colcon_core.shell:Creating environment descriptor '/mnt/c/Users/Justin/OneDrive/Documents/Github/CADD-E/UI-App/flask-server/ros2_ws/build/py_pubsub/share/py_pubsub/hook/pythonpath_develop.dsv'
[36.119s] INFO:colcon.colcon_core.shell:Creating environment hook '/mnt/c/Users/Justin/OneDrive/Documents/Github/CADD-E/UI-App/flask-server/ros2_ws/build/py_pubsub/share/py_pubsub/hook/pythonpath_develop.sh'
[36.258s] Level 1:colcon.colcon_core.environment:checking '/mnt/c/Users/Justin/OneDrive/Documents/Github/CADD-E/UI-App/flask-server/ros2_ws/install/py_pubsub' for CMake module files
[36.518s] Level 1:colcon.colcon_core.environment:checking '/mnt/c/Users/Justin/OneDrive/Documents/Github/CADD-E/UI-App/flask-server/ros2_ws/install/py_pubsub' for CMake config files
[36.962s] Level 1:colcon.colcon_core.environment:checking '/mnt/c/Users/Justin/OneDrive/Documents/Github/CADD-E/UI-App/flask-server/ros2_ws/install/py_pubsub/lib'
[36.982s] Level 1:colcon.colcon_core.environment:checking '/mnt/c/Users/Justin/OneDrive/Documents/Github/CADD-E/UI-App/flask-server/ros2_ws/install/py_pubsub/bin'
[36.988s] Level 1:colcon.colcon_core.environment:checking '/mnt/c/Users/Justin/OneDrive/Documents/Github/CADD-E/UI-App/flask-server/ros2_ws/install/py_pubsub/lib/pkgconfig/py_pubsub.pc'
[36.995s] Level 1:colcon.colcon_core.environment:checking '/mnt/c/Users/Justin/OneDrive/Documents/Github/CADD-E/UI-App/flask-server/ros2_ws/install/py_pubsub/lib/python3.8/site-packages'
[37.009s] Level 1:colcon.colcon_core.shell:create_environment_hook('py_pubsub', 'pythonpath')
[37.011s] INFO:colcon.colcon_core.shell:Creating environment hook '/mnt/c/Users/Justin/OneDrive/Documents/Github/CADD-E/UI-App/flask-server/ros2_ws/install/py_pubsub/share/py_pubsub/hook/pythonpath.ps1'
[37.072s] INFO:colcon.colcon_core.shell:Creating environment descriptor '/mnt/c/Users/Justin/OneDrive/Documents/Github/CADD-E/UI-App/flask-server/ros2_ws/install/py_pubsub/share/py_pubsub/hook/pythonpath.dsv'
[37.132s] INFO:colcon.colcon_core.shell:Creating environment hook '/mnt/c/Users/Justin/OneDrive/Documents/Github/CADD-E/UI-App/flask-server/ros2_ws/install/py_pubsub/share/py_pubsub/hook/pythonpath.sh'
[37.194s] Level 1:colcon.colcon_core.environment:checking '/mnt/c/Users/Justin/OneDrive/Documents/Github/CADD-E/UI-App/flask-server/ros2_ws/install/py_pubsub/bin'
[37.199s] Level 1:colcon.colcon_core.environment:create_environment_scripts_only(py_pubsub)
[37.202s] INFO:colcon.colcon_core.shell:Creating package script '/mnt/c/Users/Justin/OneDrive/Documents/Github/CADD-E/UI-App/flask-server/ros2_ws/install/py_pubsub/share/py_pubsub/package.ps1'
[37.253s] INFO:colcon.colcon_core.shell:Creating package descriptor '/mnt/c/Users/Justin/OneDrive/Documents/Github/CADD-E/UI-App/flask-server/ros2_ws/install/py_pubsub/share/py_pubsub/package.dsv'
[37.312s] INFO:colcon.colcon_core.shell:Creating package script '/mnt/c/Users/Justin/OneDrive/Documents/Github/CADD-E/UI-App/flask-server/ros2_ws/install/py_pubsub/share/py_pubsub/package.sh'
[37.372s] INFO:colcon.colcon_core.shell:Creating package script '/mnt/c/Users/Justin/OneDrive/Documents/Github/CADD-E/UI-App/flask-server/ros2_ws/install/py_pubsub/share/py_pubsub/package.bash'
[37.426s] INFO:colcon.colcon_core.shell:Creating package script '/mnt/c/Users/Justin/OneDrive/Documents/Github/CADD-E/UI-App/flask-server/ros2_ws/install/py_pubsub/share/py_pubsub/package.zsh'
[37.482s] Level 1:colcon.colcon_core.environment:create_file_with_runtime_dependencies(/mnt/c/Users/Justin/OneDrive/Documents/Github/CADD-E/UI-App/flask-server/ros2_ws/install/py_pubsub/share/colcon-core/packages/py_pubsub)
[37.522s] DEBUG:colcon.colcon_parallel_executor.executor.parallel:closing loop
[37.523s] DEBUG:colcon.colcon_parallel_executor.executor.parallel:loop closed
[37.524s] DEBUG:colcon.colcon_parallel_executor.executor.parallel:run_until_complete finished with '0'
[37.525s] DEBUG:colcon.colcon_core.event_reactor:joining thread
[37.809s] INFO:colcon.colcon_core.plugin_system:Skipping extension 'colcon_notification.desktop_notification.notify_send': Could not find 'notify-send'
[37.810s] INFO:colcon.colcon_core.plugin_system:Skipping extension 'colcon_notification.desktop_notification.terminal_notifier': Not used on non-Darwin systems
[37.812s] INFO:colcon.colcon_core.plugin_system:Skipping extension 'colcon_notification.desktop_notification.win32': Not used on non-Windows systems
[37.813s] INFO:colcon.colcon_notification.desktop_notification:Sending desktop notification using 'notify2'
[37.822s] DEBUG:colcon.colcon_notification.desktop_notification.notify2:Failed to initialize notify2: org.freedesktop.DBus.Error.ServiceUnknown: The name org.freedesktop.Notifications was not provided by any .service files
[37.824s] DEBUG:colcon.colcon_core.event_reactor:joined thread
[37.826s] INFO:colcon.colcon_core.shell:Creating prefix script '/mnt/c/Users/Justin/OneDrive/Documents/Github/CADD-E/UI-App/flask-server/ros2_ws/install/local_setup.ps1'
[37.847s] INFO:colcon.colcon_core.shell:Creating prefix util module '/mnt/c/Users/Justin/OneDrive/Documents/Github/CADD-E/UI-App/flask-server/ros2_ws/install/_local_setup_util_ps1.py'
[37.872s] INFO:colcon.colcon_core.shell:Creating prefix chain script '/mnt/c/Users/Justin/OneDrive/Documents/Github/CADD-E/UI-App/flask-server/ros2_ws/install/setup.ps1'
[37.972s] INFO:colcon.colcon_core.shell:Creating prefix script '/mnt/c/Users/Justin/OneDrive/Documents/Github/CADD-E/UI-App/flask-server/ros2_ws/install/local_setup.sh'
[37.999s] INFO:colcon.colcon_core.shell:Creating prefix util module '/mnt/c/Users/Justin/OneDrive/Documents/Github/CADD-E/UI-App/flask-server/ros2_ws/install/_local_setup_util_sh.py'
[38.023s] INFO:colcon.colcon_core.shell:Creating prefix chain script '/mnt/c/Users/Justin/OneDrive/Documents/Github/CADD-E/UI-App/flask-server/ros2_ws/install/setup.sh'
[38.108s] INFO:colcon.colcon_core.shell:Creating prefix script '/mnt/c/Users/Justin/OneDrive/Documents/Github/CADD-E/UI-App/flask-server/ros2_ws/install/local_setup.bash'
[38.128s] INFO:colcon.colcon_core.shell:Creating prefix chain script '/mnt/c/Users/Justin/OneDrive/Documents/Github/CADD-E/UI-App/flask-server/ros2_ws/install/setup.bash'
[38.211s] INFO:colcon.colcon_core.shell:Creating prefix script '/mnt/c/Users/Justin/OneDrive/Documents/Github/CADD-E/UI-App/flask-server/ros2_ws/install/local_setup.zsh'
[38.229s] INFO:colcon.colcon_core.shell:Creating prefix chain script '/mnt/c/Users/Justin/OneDrive/Documents/Github/CADD-E/UI-App/flask-server/ros2_ws/install/setup.zsh'
