/mnt/c/Users/Justin/OneDrive/Documents/GitHub/CADD-E/UI-App/flask-server/ros2_ws/install/py_pubsub/lib/python3.8/site-packages/py_pubsub/publisher1_member_function.py
/mnt/c/Users/Justin/OneDrive/Documents/GitHub/CADD-E/UI-App/flask-server/ros2_ws/install/py_pubsub/lib/python3.8/site-packages/py_pubsub/publisher_member_function.py
/mnt/c/Users/Justin/OneDrive/Documents/GitHub/CADD-E/UI-App/flask-server/ros2_ws/install/py_pubsub/lib/python3.8/site-packages/py_pubsub/subscriber_member_function.py
/mnt/c/Users/Justin/OneDrive/Documents/GitHub/CADD-E/UI-App/flask-server/ros2_ws/install/py_pubsub/lib/python3.8/site-packages/py_pubsub/__init__.py
/mnt/c/Users/Justin/OneDrive/Documents/GitHub/CADD-E/UI-App/flask-server/ros2_ws/install/py_pubsub/lib/python3.8/site-packages/py_pubsub/__pycache__/publisher1_member_function.cpython-38.pyc
/mnt/c/Users/Justin/OneDrive/Documents/GitHub/CADD-E/UI-App/flask-server/ros2_ws/install/py_pubsub/lib/python3.8/site-packages/py_pubsub/__pycache__/publisher_member_function.cpython-38.pyc
/mnt/c/Users/Justin/OneDrive/Documents/GitHub/CADD-E/UI-App/flask-server/ros2_ws/install/py_pubsub/lib/python3.8/site-packages/py_pubsub/__pycache__/subscriber_member_function.cpython-38.pyc
/mnt/c/Users/Justin/OneDrive/Documents/GitHub/CADD-E/UI-App/flask-server/ros2_ws/install/py_pubsub/lib/python3.8/site-packages/py_pubsub/__pycache__/__init__.cpython-38.pyc
/mnt/c/Users/Justin/OneDrive/Documents/GitHub/CADD-E/UI-App/flask-server/ros2_ws/install/py_pubsub/share/ament_index/resource_index/packages/py_pubsub
/mnt/c/Users/Justin/OneDrive/Documents/GitHub/CADD-E/UI-App/flask-server/ros2_ws/install/py_pubsub/share/py_pubsub/package.xml
/mnt/c/Users/Justin/OneDrive/Documents/GitHub/CADD-E/UI-App/flask-server/ros2_ws/install/py_pubsub/lib/python3.8/site-packages/py_pubsub-0.0.0-py3.8.egg-info/dependency_links.txt
/mnt/c/Users/Justin/OneDrive/Documents/GitHub/CADD-E/UI-App/flask-server/ros2_ws/install/py_pubsub/lib/python3.8/site-packages/py_pubsub-0.0.0-py3.8.egg-info/entry_points.txt
/mnt/c/Users/Justin/OneDrive/Documents/GitHub/CADD-E/UI-App/flask-server/ros2_ws/install/py_pubsub/lib/python3.8/site-packages/py_pubsub-0.0.0-py3.8.egg-info/PKG-INFO
/mnt/c/Users/Justin/OneDrive/Documents/GitHub/CADD-E/UI-App/flask-server/ros2_ws/install/py_pubsub/lib/python3.8/site-packages/py_pubsub-0.0.0-py3.8.egg-info/requires.txt
/mnt/c/Users/Justin/OneDrive/Documents/GitHub/CADD-E/UI-App/flask-server/ros2_ws/install/py_pubsub/lib/python3.8/site-packages/py_pubsub-0.0.0-py3.8.egg-info/SOURCES.txt
/mnt/c/Users/Justin/OneDrive/Documents/GitHub/CADD-E/UI-App/flask-server/ros2_ws/install/py_pubsub/lib/python3.8/site-packages/py_pubsub-0.0.0-py3.8.egg-info/top_level.txt
/mnt/c/Users/Justin/OneDrive/Documents/GitHub/CADD-E/UI-App/flask-server/ros2_ws/install/py_pubsub/lib/python3.8/site-packages/py_pubsub-0.0.0-py3.8.egg-info/zip-safe
/mnt/c/Users/Justin/OneDrive/Documents/GitHub/CADD-E/UI-App/flask-server/ros2_ws/install/py_pubsub/lib/py_pubsub/listener
/mnt/c/Users/Justin/OneDrive/Documents/GitHub/CADD-E/UI-App/flask-server/ros2_ws/install/py_pubsub/lib/py_pubsub/talker
/mnt/c/Users/Justin/OneDrive/Documents/GitHub/CADD-E/UI-App/flask-server/ros2_ws/install/py_pubsub/lib/py_pubsub/talker1
