[6.723s] Invoking command in '/mnt/c/Users/Justin/OneDrive/Documents/CADD-E/UI-App/flask-server/ros2_ws/build/py_pubsub': PS1=(venv) \[\e]0;\u@\h: \w\a\]${debian_chroot:+($debian_chroot)}\[\033[01;32m\]\u@\h\[\033[00m\]:\[\033[01;34m\]\w\[\033[00m\]\$ PYTHONPATH=/mnt/c/Users/Justin/OneDrive/Documents/CADD-E/UI-App/flask-server/ros2_ws/build/py_pubsub/prefix_override:/mnt/c/Users/Justin/OneDrive/Documents/CADD-E/UI-App/flask-server/ros2_ws/install/py_pubsub/lib/python3.8/site-packages:${PYTHONPATH} /usr/bin/python3 setup.py develop --editable --build-directory /mnt/c/Users/Justin/OneDrive/Documents/CADD-E/UI-App/flask-server/ros2_ws/build/py_pubsub/build --no-deps install_data
[9.562s] running develop
[10.820s] running egg_info
[10.824s] writing py_pubsub.egg-info/PKG-INFO
[10.838s] writing dependency_links to py_pubsub.egg-info/dependency_links.txt
[10.850s] writing entry points to py_pubsub.egg-info/entry_points.txt
[10.862s] writing requirements to py_pubsub.egg-info/requires.txt
[10.871s] writing top-level names to py_pubsub.egg-info/top_level.txt
[11.147s] reading manifest file 'py_pubsub.egg-info/SOURCES.txt'
[11.557s] writing manifest file 'py_pubsub.egg-info/SOURCES.txt'
[12.012s] running build_ext
[12.046s] Creating /mnt/c/Users/Justin/OneDrive/Documents/CADD-E/UI-App/flask-server/ros2_ws/install/py_pubsub/lib/python3.8/site-packages/py-pubsub.egg-link (link to .)
[12.113s] Installing listener script to /mnt/c/Users/Justin/OneDrive/Documents/CADD-E/UI-App/flask-server/ros2_ws/install/py_pubsub/lib/py_pubsub
[12.187s] Installing talker script to /mnt/c/Users/Justin/OneDrive/Documents/CADD-E/UI-App/flask-server/ros2_ws/install/py_pubsub/lib/py_pubsub
[12.270s] Installing talker1 script to /mnt/c/Users/Justin/OneDrive/Documents/CADD-E/UI-App/flask-server/ros2_ws/install/py_pubsub/lib/py_pubsub
[12.346s] Installing talker2 script to /mnt/c/Users/Justin/OneDrive/Documents/CADD-E/UI-App/flask-server/ros2_ws/install/py_pubsub/lib/py_pubsub
[12.433s] 
[12.436s] Installed /mnt/c/Users/Justin/OneDrive/Documents/CADD-E/UI-App/flask-server/ros2_ws/build/py_pubsub
[12.447s] running install_data
[12.641s] Invoked command in '/mnt/c/Users/Justin/OneDrive/Documents/CADD-E/UI-App/flask-server/ros2_ws/build/py_pubsub' returned '0': PS1=(venv) \[\e]0;\u@\h: \w\a\]${debian_chroot:+($debian_chroot)}\[\033[01;32m\]\u@\h\[\033[00m\]:\[\033[01;34m\]\w\[\033[00m\]\$ PYTHONPATH=/mnt/c/Users/Justin/OneDrive/Documents/CADD-E/UI-App/flask-server/ros2_ws/build/py_pubsub/prefix_override:/mnt/c/Users/Justin/OneDrive/Documents/CADD-E/UI-App/flask-server/ros2_ws/install/py_pubsub/lib/python3.8/site-packages:${PYTHONPATH} /usr/bin/python3 setup.py develop --editable --build-directory /mnt/c/Users/Justin/OneDrive/Documents/CADD-E/UI-App/flask-server/ros2_ws/build/py_pubsub/build --no-deps install_data
