[2.667s] DEBUG:colcon:Command line arguments: ['/usr/bin/colcon', 'build', '--symlink-install']
[2.668s] DEBUG:colcon:Parsed command line arguments: Namespace(allow_overriding=[], ament_cmake_args=None, base_paths=['.'], build_base='build', catkin_cmake_args=None, catkin_skip_building_tests=False, cmake_args=None, cmake_clean_cache=False, cmake_clean_first=False, cmake_force_configure=False, cmake_target=None, cmake_target_skip_unavailable=False, continue_on_error=False, event_handlers=None, executor='parallel', ignore_user_meta=False, install_base='install', log_base=None, log_level=None, main=<bound method BuildVerb.main of <colcon_core.verb.build.BuildVerb object at 0x7fd89a018d90>>, merge_install=False, metas=['./colcon.meta'], packages_above=None, packages_above_and_dependencies=None, packages_above_depth=None, packages_end=None, packages_ignore=None, packages_ignore_regex=None, packages_select=None, packages_select_build_failed=False, packages_select_by_dep=None, packages_select_regex=None, packages_select_test_failures=False, packages_skip=None, packages_skip_build_finished=False, packages_skip_by_dep=None, packages_skip_regex=None, packages_skip_test_passed=False, packages_skip_up_to=None, packages_start=None, packages_up_to=None, packages_up_to_regex=None, parallel_workers=8, paths=None, symlink_install=True, test_result_base=None, verb_extension=<colcon_core.verb.build.BuildVerb object at 0x7fd89a018d90>, verb_name='build', verb_parser=<colcon_defaults.argument_parser.defaults.DefaultArgumentsDecorator object at 0x7fd899fa6340>)
[3.017s] Level 1:colcon.colcon_core.package_discovery:discover_packages(colcon_meta) check parameters
[3.018s] Level 1:colcon.colcon_core.package_discovery:discover_packages(recursive) check parameters
[3.019s] Level 1:colcon.colcon_core.package_discovery:discover_packages(ignore) check parameters
[3.019s] Level 1:colcon.colcon_core.package_discovery:discover_packages(path) check parameters
[3.020s] Level 1:colcon.colcon_core.package_discovery:discover_packages(colcon_meta) discover
[3.020s] Level 1:colcon.colcon_core.package_discovery:discover_packages(recursive) discover
[3.021s] INFO:colcon.colcon_core.package_discovery:Crawling recursively for packages in '/mnt/c/Users/Justin/OneDrive/Documents/Github/CADD-E/UI-App/flask-server/ros2_ws'
[3.025s] Level 1:colcon.colcon_core.package_identification:_identify(.) by extensions ['ignore', 'ignore_ament_install']
[3.026s] Level 1:colcon.colcon_core.package_identification:_identify(.) by extension 'ignore'
[3.027s] Level 1:colcon.colcon_core.package_identification:_identify(.) by extension 'ignore_ament_install'
[3.028s] Level 1:colcon.colcon_core.package_identification:_identify(.) by extensions ['colcon_pkg']
[3.029s] Level 1:colcon.colcon_core.package_identification:_identify(.) by extension 'colcon_pkg'
[3.030s] Level 1:colcon.colcon_core.package_identification:_identify(.) by extensions ['colcon_meta']
[3.030s] Level 1:colcon.colcon_core.package_identification:_identify(.) by extension 'colcon_meta'
[3.031s] Level 1:colcon.colcon_core.package_identification:_identify(.) by extensions ['ros']
[3.031s] Level 1:colcon.colcon_core.package_identification:_identify(.) by extension 'ros'
[3.084s] Level 1:colcon.colcon_core.package_identification:_identify(.) by extensions ['cmake', 'python']
[3.085s] Level 1:colcon.colcon_core.package_identification:_identify(.) by extension 'cmake'
[3.086s] Level 1:colcon.colcon_core.package_identification:_identify(.) by extension 'python'
[3.087s] Level 1:colcon.colcon_core.package_identification:_identify(.) by extensions ['python_setup_py']
[3.088s] Level 1:colcon.colcon_core.package_identification:_identify(.) by extension 'python_setup_py'
[3.096s] Level 1:colcon.colcon_core.package_identification:_identify(build) by extensions ['ignore', 'ignore_ament_install']
[3.098s] Level 1:colcon.colcon_core.package_identification:_identify(build) by extension 'ignore'
[3.101s] Level 1:colcon.colcon_core.package_identification:_identify(build) ignored
[3.108s] Level 1:colcon.colcon_core.package_identification:_identify(install) by extensions ['ignore', 'ignore_ament_install']
[3.108s] Level 1:colcon.colcon_core.package_identification:_identify(install) by extension 'ignore'
[3.111s] Level 1:colcon.colcon_core.package_identification:_identify(install) ignored
[3.126s] Level 1:colcon.colcon_core.package_identification:_identify(log) by extensions ['ignore', 'ignore_ament_install']
[3.128s] Level 1:colcon.colcon_core.package_identification:_identify(log) by extension 'ignore'
[3.132s] Level 1:colcon.colcon_core.package_identification:_identify(log) ignored
[3.139s] Level 1:colcon.colcon_core.package_identification:_identify(src) by extensions ['ignore', 'ignore_ament_install']
[3.140s] Level 1:colcon.colcon_core.package_identification:_identify(src) by extension 'ignore'
[3.142s] Level 1:colcon.colcon_core.package_identification:_identify(src) by extension 'ignore_ament_install'
[3.146s] Level 1:colcon.colcon_core.package_identification:_identify(src) by extensions ['colcon_pkg']
[3.147s] Level 1:colcon.colcon_core.package_identification:_identify(src) by extension 'colcon_pkg'
[3.150s] Level 1:colcon.colcon_core.package_identification:_identify(src) by extensions ['colcon_meta']
[3.150s] Level 1:colcon.colcon_core.package_identification:_identify(src) by extension 'colcon_meta'
[3.152s] Level 1:colcon.colcon_core.package_identification:_identify(src) by extensions ['ros']
[3.153s] Level 1:colcon.colcon_core.package_identification:_identify(src) by extension 'ros'
[3.162s] Level 1:colcon.colcon_core.package_identification:_identify(src) by extensions ['cmake', 'python']
[3.163s] Level 1:colcon.colcon_core.package_identification:_identify(src) by extension 'cmake'
[3.165s] Level 1:colcon.colcon_core.package_identification:_identify(src) by extension 'python'
[3.167s] Level 1:colcon.colcon_core.package_identification:_identify(src) by extensions ['python_setup_py']
[3.168s] Level 1:colcon.colcon_core.package_identification:_identify(src) by extension 'python_setup_py'
[3.179s] Level 1:colcon.colcon_core.package_identification:_identify(src/py_pubsub) by extensions ['ignore', 'ignore_ament_install']
[3.180s] Level 1:colcon.colcon_core.package_identification:_identify(src/py_pubsub) by extension 'ignore'
[3.183s] Level 1:colcon.colcon_core.package_identification:_identify(src/py_pubsub) by extension 'ignore_ament_install'
[3.194s] Level 1:colcon.colcon_core.package_identification:_identify(src/py_pubsub) by extensions ['colcon_pkg']
[3.195s] Level 1:colcon.colcon_core.package_identification:_identify(src/py_pubsub) by extension 'colcon_pkg'
[3.199s] Level 1:colcon.colcon_core.package_identification:_identify(src/py_pubsub) by extensions ['colcon_meta']
[3.200s] Level 1:colcon.colcon_core.package_identification:_identify(src/py_pubsub) by extension 'colcon_meta'
[3.205s] Level 1:colcon.colcon_core.package_identification:_identify(src/py_pubsub) by extensions ['ros']
[3.205s] Level 1:colcon.colcon_core.package_identification:_identify(src/py_pubsub) by extension 'ros'
[3.241s] DEBUG:colcon.colcon_core.package_identification:Package 'src/py_pubsub' with type 'ros.ament_python' and name 'py_pubsub'
[3.241s] Level 1:colcon.colcon_core.package_discovery:discover_packages(recursive) using defaults
[3.242s] Level 1:colcon.colcon_core.package_discovery:discover_packages(ignore) discover
[3.242s] Level 1:colcon.colcon_core.package_discovery:discover_packages(ignore) using defaults
[3.243s] Level 1:colcon.colcon_core.package_discovery:discover_packages(path) discover
[3.243s] Level 1:colcon.colcon_core.package_discovery:discover_packages(path) using defaults
[3.562s] Level 1:colcon.colcon_core.package_discovery:discover_packages(prefix_path) check parameters
[3.563s] Level 1:colcon.colcon_core.package_discovery:discover_packages(prefix_path) discover
[3.686s] DEBUG:colcon.colcon_installed_package_information.package_discovery:Found 1 installed packages in /mnt/c/Users/Justin/OneDrive/Documents/Github/CADD-E/UI-App/flask-server/ros2_ws/install
[3.785s] DEBUG:colcon.colcon_installed_package_information.package_discovery:Found 1 installed packages in /mnt/c/Users/Justin/OneDrive/Documents/GitHub/CADD-E/UI-App/flask-server/install
[3.811s] DEBUG:colcon.colcon_installed_package_information.package_discovery:Found 256 installed packages in /opt/ros/foxy
[3.813s] Level 1:colcon.colcon_core.package_discovery:discover_packages(prefix_path) using defaults
[3.956s] Level 5:colcon.colcon_core.verb:set package 'py_pubsub' build argument 'cmake_args' from command line to 'None'
[3.957s] Level 5:colcon.colcon_core.verb:set package 'py_pubsub' build argument 'cmake_target' from command line to 'None'
[3.957s] Level 5:colcon.colcon_core.verb:set package 'py_pubsub' build argument 'cmake_target_skip_unavailable' from command line to 'False'
[3.958s] Level 5:colcon.colcon_core.verb:set package 'py_pubsub' build argument 'cmake_clean_cache' from command line to 'False'
[3.959s] Level 5:colcon.colcon_core.verb:set package 'py_pubsub' build argument 'cmake_clean_first' from command line to 'False'
[3.959s] Level 5:colcon.colcon_core.verb:set package 'py_pubsub' build argument 'cmake_force_configure' from command line to 'False'
[3.960s] Level 5:colcon.colcon_core.verb:set package 'py_pubsub' build argument 'ament_cmake_args' from command line to 'None'
[3.960s] Level 5:colcon.colcon_core.verb:set package 'py_pubsub' build argument 'catkin_cmake_args' from command line to 'None'
[3.961s] Level 5:colcon.colcon_core.verb:set package 'py_pubsub' build argument 'catkin_skip_building_tests' from command line to 'False'
[3.961s] DEBUG:colcon.colcon_core.verb:Building package 'py_pubsub' with the following arguments: {'ament_cmake_args': None, 'build_base': '/mnt/c/Users/Justin/OneDrive/Documents/Github/CADD-E/UI-App/flask-server/ros2_ws/build/py_pubsub', 'catkin_cmake_args': None, 'catkin_skip_building_tests': False, 'cmake_args': None, 'cmake_clean_cache': False, 'cmake_clean_first': False, 'cmake_force_configure': False, 'cmake_target': None, 'cmake_target_skip_unavailable': False, 'install_base': '/mnt/c/Users/Justin/OneDrive/Documents/Github/CADD-E/UI-App/flask-server/ros2_ws/install/py_pubsub', 'merge_install': False, 'path': '/mnt/c/Users/Justin/OneDrive/Documents/Github/CADD-E/UI-App/flask-server/ros2_ws/src/py_pubsub', 'symlink_install': True, 'test_result_base': None}
[3.963s] INFO:colcon.colcon_core.executor:Executing jobs using 'parallel' executor
[3.967s] DEBUG:colcon.colcon_parallel_executor.executor.parallel:run_until_complete
[3.968s] INFO:colcon.colcon_ros.task.ament_python.build:Building ROS package in '/mnt/c/Users/Justin/OneDrive/Documents/Github/CADD-E/UI-App/flask-server/ros2_ws/src/py_pubsub' with build type 'ament_python'
[3.969s] Level 1:colcon.colcon_core.shell:create_environment_hook('py_pubsub', 'ament_prefix_path')
[4.033s] INFO:colcon.colcon_core.plugin_system:Skipping extension 'colcon_core.shell.bat': Not used on non-Windows systems
[4.034s] INFO:colcon.colcon_core.shell:Creating environment hook '/mnt/c/Users/Justin/OneDrive/Documents/Github/CADD-E/UI-App/flask-server/ros2_ws/install/py_pubsub/share/py_pubsub/hook/ament_prefix_path.ps1'
[4.076s] INFO:colcon.colcon_core.shell:Creating environment descriptor '/mnt/c/Users/Justin/OneDrive/Documents/Github/CADD-E/UI-App/flask-server/ros2_ws/install/py_pubsub/share/py_pubsub/hook/ament_prefix_path.dsv'
[4.120s] INFO:colcon.colcon_core.shell:Creating environment hook '/mnt/c/Users/Justin/OneDrive/Documents/Github/CADD-E/UI-App/flask-server/ros2_ws/install/py_pubsub/share/py_pubsub/hook/ament_prefix_path.sh'
[4.165s] INFO:colcon.colcon_core.shell:Skip shell extension 'powershell' for command environment: Not usable outside of PowerShell
[4.165s] DEBUG:colcon.colcon_core.shell:Skip shell extension 'dsv' for command environment
[8.342s] INFO:colcon.colcon_core.task.python.build:Building Python package in '/mnt/c/Users/Justin/OneDrive/Documents/Github/CADD-E/UI-App/flask-server/ros2_ws/src/py_pubsub'
[8.344s] INFO:colcon.colcon_core.shell:Skip shell extension 'powershell' for command environment: Not usable outside of PowerShell
[8.344s] DEBUG:colcon.colcon_core.shell:Skip shell extension 'dsv' for command environment
[14.536s] DEBUG:colcon.colcon_core.event_handler.log_command:Invoking command in '/mnt/c/Users/Justin/OneDrive/Documents/Github/CADD-E/UI-App/flask-server/ros2_ws/build/py_pubsub': PS1=(venv) \[\e]0;\u@\h: \w\a\]${debian_chroot:+($debian_chroot)}\[\033[01;32m\]\u@\h\[\033[00m\]:\[\033[01;34m\]\w\[\033[00m\]\$ PYTHONPATH=/mnt/c/Users/Justin/OneDrive/Documents/Github/CADD-E/UI-App/flask-server/ros2_ws/build/py_pubsub/prefix_override:/mnt/c/Users/Justin/OneDrive/Documents/Github/CADD-E/UI-App/flask-server/ros2_ws/install/py_pubsub/lib/python3.8/site-packages:${PYTHONPATH} /usr/bin/python3 setup.py develop --editable --build-directory /mnt/c/Users/Justin/OneDrive/Documents/Github/CADD-E/UI-App/flask-server/ros2_ws/build/py_pubsub/build --no-deps install_data
[22.362s] Level 1:colcon.colcon_core.shell:create_environment_hook('py_pubsub', 'pythonpath_develop')
[22.364s] INFO:colcon.colcon_core.shell:Creating environment hook '/mnt/c/Users/Justin/OneDrive/Documents/Github/CADD-E/UI-App/flask-server/ros2_ws/build/py_pubsub/share/py_pubsub/hook/pythonpath_develop.ps1'
[22.367s] DEBUG:colcon.colcon_core.event_handler.log_command:Invoked command in '/mnt/c/Users/Justin/OneDrive/Documents/Github/CADD-E/UI-App/flask-server/ros2_ws/build/py_pubsub' returned '0': PS1=(venv) \[\e]0;\u@\h: \w\a\]${debian_chroot:+($debian_chroot)}\[\033[01;32m\]\u@\h\[\033[00m\]:\[\033[01;34m\]\w\[\033[00m\]\$ PYTHONPATH=/mnt/c/Users/Justin/OneDrive/Documents/Github/CADD-E/UI-App/flask-server/ros2_ws/build/py_pubsub/prefix_override:/mnt/c/Users/Justin/OneDrive/Documents/Github/CADD-E/UI-App/flask-server/ros2_ws/install/py_pubsub/lib/python3.8/site-packages:${PYTHONPATH} /usr/bin/python3 setup.py develop --editable --build-directory /mnt/c/Users/Justin/OneDrive/Documents/Github/CADD-E/UI-App/flask-server/ros2_ws/build/py_pubsub/build --no-deps install_data
[22.410s] INFO:colcon.colcon_core.shell:Creating environment descriptor '/mnt/c/Users/Justin/OneDrive/Documents/Github/CADD-E/UI-App/flask-server/ros2_ws/build/py_pubsub/share/py_pubsub/hook/pythonpath_develop.dsv'
[22.439s] INFO:colcon.colcon_core.shell:Creating environment hook '/mnt/c/Users/Justin/OneDrive/Documents/Github/CADD-E/UI-App/flask-server/ros2_ws/build/py_pubsub/share/py_pubsub/hook/pythonpath_develop.sh'
[22.536s] Level 1:colcon.colcon_core.environment:checking '/mnt/c/Users/Justin/OneDrive/Documents/Github/CADD-E/UI-App/flask-server/ros2_ws/install/py_pubsub' for CMake module files
[22.696s] Level 1:colcon.colcon_core.environment:checking '/mnt/c/Users/Justin/OneDrive/Documents/Github/CADD-E/UI-App/flask-server/ros2_ws/install/py_pubsub' for CMake config files
[22.950s] Level 1:colcon.colcon_core.environment:checking '/mnt/c/Users/Justin/OneDrive/Documents/Github/CADD-E/UI-App/flask-server/ros2_ws/install/py_pubsub/lib'
[22.962s] Level 1:colcon.colcon_core.environment:checking '/mnt/c/Users/Justin/OneDrive/Documents/Github/CADD-E/UI-App/flask-server/ros2_ws/install/py_pubsub/bin'
[22.965s] Level 1:colcon.colcon_core.environment:checking '/mnt/c/Users/Justin/OneDrive/Documents/Github/CADD-E/UI-App/flask-server/ros2_ws/install/py_pubsub/lib/pkgconfig/py_pubsub.pc'
[22.970s] Level 1:colcon.colcon_core.environment:checking '/mnt/c/Users/Justin/OneDrive/Documents/Github/CADD-E/UI-App/flask-server/ros2_ws/install/py_pubsub/lib/python3.8/site-packages'
[22.975s] Level 1:colcon.colcon_core.shell:create_environment_hook('py_pubsub', 'pythonpath')
[22.976s] INFO:colcon.colcon_core.shell:Creating environment hook '/mnt/c/Users/Justin/OneDrive/Documents/Github/CADD-E/UI-App/flask-server/ros2_ws/install/py_pubsub/share/py_pubsub/hook/pythonpath.ps1'
[23.012s] INFO:colcon.colcon_core.shell:Creating environment descriptor '/mnt/c/Users/Justin/OneDrive/Documents/Github/CADD-E/UI-App/flask-server/ros2_ws/install/py_pubsub/share/py_pubsub/hook/pythonpath.dsv'
[23.046s] INFO:colcon.colcon_core.shell:Creating environment hook '/mnt/c/Users/Justin/OneDrive/Documents/Github/CADD-E/UI-App/flask-server/ros2_ws/install/py_pubsub/share/py_pubsub/hook/pythonpath.sh'
[23.088s] Level 1:colcon.colcon_core.environment:checking '/mnt/c/Users/Justin/OneDrive/Documents/Github/CADD-E/UI-App/flask-server/ros2_ws/install/py_pubsub/bin'
[23.091s] Level 1:colcon.colcon_core.environment:create_environment_scripts_only(py_pubsub)
[23.093s] INFO:colcon.colcon_core.shell:Creating package script '/mnt/c/Users/Justin/OneDrive/Documents/Github/CADD-E/UI-App/flask-server/ros2_ws/install/py_pubsub/share/py_pubsub/package.ps1'
[23.119s] INFO:colcon.colcon_core.shell:Creating package descriptor '/mnt/c/Users/Justin/OneDrive/Documents/Github/CADD-E/UI-App/flask-server/ros2_ws/install/py_pubsub/share/py_pubsub/package.dsv'
[23.156s] INFO:colcon.colcon_core.shell:Creating package script '/mnt/c/Users/Justin/OneDrive/Documents/Github/CADD-E/UI-App/flask-server/ros2_ws/install/py_pubsub/share/py_pubsub/package.sh'
[23.184s] INFO:colcon.colcon_core.shell:Creating package script '/mnt/c/Users/Justin/OneDrive/Documents/Github/CADD-E/UI-App/flask-server/ros2_ws/install/py_pubsub/share/py_pubsub/package.bash'
[23.221s] INFO:colcon.colcon_core.shell:Creating package script '/mnt/c/Users/Justin/OneDrive/Documents/Github/CADD-E/UI-App/flask-server/ros2_ws/install/py_pubsub/share/py_pubsub/package.zsh'
[23.249s] Level 1:colcon.colcon_core.environment:create_file_with_runtime_dependencies(/mnt/c/Users/Justin/OneDrive/Documents/Github/CADD-E/UI-App/flask-server/ros2_ws/install/py_pubsub/share/colcon-core/packages/py_pubsub)
[23.280s] DEBUG:colcon.colcon_parallel_executor.executor.parallel:closing loop
[23.281s] DEBUG:colcon.colcon_parallel_executor.executor.parallel:loop closed
[23.282s] DEBUG:colcon.colcon_parallel_executor.executor.parallel:run_until_complete finished with '0'
[23.283s] DEBUG:colcon.colcon_core.event_reactor:joining thread
[23.476s] INFO:colcon.colcon_core.plugin_system:Skipping extension 'colcon_notification.desktop_notification.notify_send': Could not find 'notify-send'
[23.477s] INFO:colcon.colcon_core.plugin_system:Skipping extension 'colcon_notification.desktop_notification.terminal_notifier': Not used on non-Darwin systems
[23.477s] INFO:colcon.colcon_core.plugin_system:Skipping extension 'colcon_notification.desktop_notification.win32': Not used on non-Windows systems
[23.478s] INFO:colcon.colcon_notification.desktop_notification:Sending desktop notification using 'notify2'
[23.483s] DEBUG:colcon.colcon_notification.desktop_notification.notify2:Failed to initialize notify2: org.freedesktop.DBus.Error.ServiceUnknown: The name org.freedesktop.Notifications was not provided by any .service files
[23.484s] DEBUG:colcon.colcon_core.event_reactor:joined thread
[23.486s] INFO:colcon.colcon_core.shell:Creating prefix script '/mnt/c/Users/Justin/OneDrive/Documents/Github/CADD-E/UI-App/flask-server/ros2_ws/install/local_setup.ps1'
[23.497s] INFO:colcon.colcon_core.shell:Creating prefix util module '/mnt/c/Users/Justin/OneDrive/Documents/Github/CADD-E/UI-App/flask-server/ros2_ws/install/_local_setup_util_ps1.py'
[23.508s] INFO:colcon.colcon_core.shell:Creating prefix chain script '/mnt/c/Users/Justin/OneDrive/Documents/Github/CADD-E/UI-App/flask-server/ros2_ws/install/setup.ps1'
[23.562s] INFO:colcon.colcon_core.shell:Creating prefix script '/mnt/c/Users/Justin/OneDrive/Documents/Github/CADD-E/UI-App/flask-server/ros2_ws/install/local_setup.sh'
[23.572s] INFO:colcon.colcon_core.shell:Creating prefix util module '/mnt/c/Users/Justin/OneDrive/Documents/Github/CADD-E/UI-App/flask-server/ros2_ws/install/_local_setup_util_sh.py'
[23.583s] INFO:colcon.colcon_core.shell:Creating prefix chain script '/mnt/c/Users/Justin/OneDrive/Documents/Github/CADD-E/UI-App/flask-server/ros2_ws/install/setup.sh'
[23.637s] INFO:colcon.colcon_core.shell:Creating prefix script '/mnt/c/Users/Justin/OneDrive/Documents/Github/CADD-E/UI-App/flask-server/ros2_ws/install/local_setup.bash'
[23.649s] INFO:colcon.colcon_core.shell:Creating prefix chain script '/mnt/c/Users/Justin/OneDrive/Documents/Github/CADD-E/UI-App/flask-server/ros2_ws/install/setup.bash'
[23.705s] INFO:colcon.colcon_core.shell:Creating prefix script '/mnt/c/Users/Justin/OneDrive/Documents/Github/CADD-E/UI-App/flask-server/ros2_ws/install/local_setup.zsh'
[23.715s] INFO:colcon.colcon_core.shell:Creating prefix chain script '/mnt/c/Users/Justin/OneDrive/Documents/Github/CADD-E/UI-App/flask-server/ros2_ws/install/setup.zsh'
