[3.537s] Invoking command in '/mnt/c/Users/Justin/OneDrive/Documents/GitHub/CADD-E/UI-App/flask-server/ros2_ws/src/py_pubsub': PYTHONPATH=/mnt/c/Users/Justin/OneDrive/Documents/GitHub/CADD-E/UI-App/flask-server/ros2_ws/build/py_pubsub/prefix_override:/mnt/c/Users/Justin/OneDrive/Documents/GitHub/CADD-E/UI-App/flask-server/ros2_ws/install/py_pubsub/lib/python3.8/site-packages:${PYTHONPATH} /usr/bin/python3 setup.py egg_info --egg-base ../../build/py_pubsub build --build-base /mnt/c/Users/Justin/OneDrive/Documents/GitHub/CADD-E/UI-App/flask-server/ros2_ws/build/py_pubsub/build install --record /mnt/c/Users/Justin/OneDrive/Documents/GitHub/CADD-E/UI-App/flask-server/ros2_ws/build/py_pubsub/install.log --install-scripts $base/lib/py_pubsub --single-version-externally-managed
[5.485s] running egg_info
[5.501s] creating ../../build/py_pubsub/py_pubsub.egg-info
[5.512s] writing ../../build/py_pubsub/py_pubsub.egg-info/PKG-INFO
[5.551s] writing dependency_links to ../../build/py_pubsub/py_pubsub.egg-info/dependency_links.txt
[5.568s] writing entry points to ../../build/py_pubsub/py_pubsub.egg-info/entry_points.txt
[5.589s] writing requirements to ../../build/py_pubsub/py_pubsub.egg-info/requires.txt
[5.603s] writing top-level names to ../../build/py_pubsub/py_pubsub.egg-info/top_level.txt
[5.638s] writing manifest file '../../build/py_pubsub/py_pubsub.egg-info/SOURCES.txt'
[5.860s] reading manifest file '../../build/py_pubsub/py_pubsub.egg-info/SOURCES.txt'
[6.087s] writing manifest file '../../build/py_pubsub/py_pubsub.egg-info/SOURCES.txt'
[6.097s] running build
[6.100s] running build_py
[6.122s] creating /mnt/c/Users/Justin/OneDrive/Documents/GitHub/CADD-E/UI-App/flask-server/ros2_ws/build/py_pubsub/build
[6.133s] creating /mnt/c/Users/Justin/OneDrive/Documents/GitHub/CADD-E/UI-App/flask-server/ros2_ws/build/py_pubsub/build/lib
[6.139s] creating /mnt/c/Users/Justin/OneDrive/Documents/GitHub/CADD-E/UI-App/flask-server/ros2_ws/build/py_pubsub/build/lib/py_pubsub
[6.172s] copying py_pubsub/publisher_member_function.py -> /mnt/c/Users/Justin/OneDrive/Documents/GitHub/CADD-E/UI-App/flask-server/ros2_ws/build/py_pubsub/build/lib/py_pubsub
[6.255s] copying py_pubsub/subscriber_member_function.py -> /mnt/c/Users/Justin/OneDrive/Documents/GitHub/CADD-E/UI-App/flask-server/ros2_ws/build/py_pubsub/build/lib/py_pubsub
[6.336s] copying py_pubsub/__init__.py -> /mnt/c/Users/Justin/OneDrive/Documents/GitHub/CADD-E/UI-App/flask-server/ros2_ws/build/py_pubsub/build/lib/py_pubsub
[6.383s] running install
[6.405s] running install_lib
[6.500s] creating /mnt/c/Users/Justin/OneDrive/Documents/GitHub/CADD-E/UI-App/flask-server/ros2_ws/install/py_pubsub/lib/python3.8/site-packages/py_pubsub
[6.580s] copying /mnt/c/Users/Justin/OneDrive/Documents/GitHub/CADD-E/UI-App/flask-server/ros2_ws/build/py_pubsub/build/lib/py_pubsub/publisher_member_function.py -> /mnt/c/Users/Justin/OneDrive/Documents/GitHub/CADD-E/UI-App/flask-server/ros2_ws/install/py_pubsub/lib/python3.8/site-packages/py_pubsub
[6.731s] copying /mnt/c/Users/Justin/OneDrive/Documents/GitHub/CADD-E/UI-App/flask-server/ros2_ws/build/py_pubsub/build/lib/py_pubsub/subscriber_member_function.py -> /mnt/c/Users/Justin/OneDrive/Documents/GitHub/CADD-E/UI-App/flask-server/ros2_ws/install/py_pubsub/lib/python3.8/site-packages/py_pubsub
[6.856s] copying /mnt/c/Users/Justin/OneDrive/Documents/GitHub/CADD-E/UI-App/flask-server/ros2_ws/build/py_pubsub/build/lib/py_pubsub/__init__.py -> /mnt/c/Users/Justin/OneDrive/Documents/GitHub/CADD-E/UI-App/flask-server/ros2_ws/install/py_pubsub/lib/python3.8/site-packages/py_pubsub
[6.971s] byte-compiling /mnt/c/Users/Justin/OneDrive/Documents/GitHub/CADD-E/UI-App/flask-server/ros2_ws/install/py_pubsub/lib/python3.8/site-packages/py_pubsub/publisher_member_function.py to publisher_member_function.cpython-38.pyc
[7.117s] byte-compiling /mnt/c/Users/Justin/OneDrive/Documents/GitHub/CADD-E/UI-App/flask-server/ros2_ws/install/py_pubsub/lib/python3.8/site-packages/py_pubsub/subscriber_member_function.py to subscriber_member_function.cpython-38.pyc
[7.277s] byte-compiling /mnt/c/Users/Justin/OneDrive/Documents/GitHub/CADD-E/UI-App/flask-server/ros2_ws/install/py_pubsub/lib/python3.8/site-packages/py_pubsub/__init__.py to __init__.cpython-38.pyc
[7.419s] running install_data
[7.454s] creating /mnt/c/Users/Justin/OneDrive/Documents/GitHub/CADD-E/UI-App/flask-server/ros2_ws/install/py_pubsub/share/ament_index
[7.467s] creating /mnt/c/Users/Justin/OneDrive/Documents/GitHub/CADD-E/UI-App/flask-server/ros2_ws/install/py_pubsub/share/ament_index/resource_index
[7.475s] creating /mnt/c/Users/Justin/OneDrive/Documents/GitHub/CADD-E/UI-App/flask-server/ros2_ws/install/py_pubsub/share/ament_index/resource_index/packages
[7.521s] copying resource/py_pubsub -> /mnt/c/Users/Justin/OneDrive/Documents/GitHub/CADD-E/UI-App/flask-server/ros2_ws/install/py_pubsub/share/ament_index/resource_index/packages
[7.625s] copying package.xml -> /mnt/c/Users/Justin/OneDrive/Documents/GitHub/CADD-E/UI-App/flask-server/ros2_ws/install/py_pubsub/share/py_pubsub
[7.680s] running install_egg_info
[7.752s] Copying ../../build/py_pubsub/py_pubsub.egg-info to /mnt/c/Users/Justin/OneDrive/Documents/GitHub/CADD-E/UI-App/flask-server/ros2_ws/install/py_pubsub/lib/python3.8/site-packages/py_pubsub-0.0.0-py3.8.egg-info
[8.724s] running install_scripts
[8.876s] Installing listener script to /mnt/c/Users/Justin/OneDrive/Documents/GitHub/CADD-E/UI-App/flask-server/ros2_ws/install/py_pubsub/lib/py_pubsub
[8.905s] Installing talker script to /mnt/c/Users/Justin/OneDrive/Documents/GitHub/CADD-E/UI-App/flask-server/ros2_ws/install/py_pubsub/lib/py_pubsub
[8.956s] writing list of installed files to '/mnt/c/Users/Justin/OneDrive/Documents/GitHub/CADD-E/UI-App/flask-server/ros2_ws/build/py_pubsub/install.log'
[8.992s] Invoked command in '/mnt/c/Users/Justin/OneDrive/Documents/GitHub/CADD-E/UI-App/flask-server/ros2_ws/src/py_pubsub' returned '0': PYTHONPATH=/mnt/c/Users/Justin/OneDrive/Documents/GitHub/CADD-E/UI-App/flask-server/ros2_ws/build/py_pubsub/prefix_override:/mnt/c/Users/Justin/OneDrive/Documents/GitHub/CADD-E/UI-App/flask-server/ros2_ws/install/py_pubsub/lib/python3.8/site-packages:${PYTHONPATH} /usr/bin/python3 setup.py egg_info --egg-base ../../build/py_pubsub build --build-base /mnt/c/Users/Justin/OneDrive/Documents/GitHub/CADD-E/UI-App/flask-server/ros2_ws/build/py_pubsub/build install --record /mnt/c/Users/Justin/OneDrive/Documents/GitHub/CADD-E/UI-App/flask-server/ros2_ws/build/py_pubsub/install.log --install-scripts $base/lib/py_pubsub --single-version-externally-managed
