[7.266s] Invoking command in '/mnt/c/Users/Justin/OneDrive/Documents/CADD-E/UI-App/flask-server/ros2_ws/build/py_pubsub': PS1=(venv) \[\e]0;\u@\h: \w\a\]${debian_chroot:+($debian_chroot)}\[\033[01;32m\]\u@\h\[\033[00m\]:\[\033[01;34m\]\w\[\033[00m\]\$ PYTHONPATH=/mnt/c/Users/Justin/OneDrive/Documents/CADD-E/UI-App/flask-server/ros2_ws/build/py_pubsub/prefix_override:/mnt/c/Users/Justin/OneDrive/Documents/CADD-E/UI-App/flask-server/ros2_ws/install/py_pubsub/lib/python3.8/site-packages:${PYTHONPATH} /usr/bin/python3 setup.py develop --editable --build-directory /mnt/c/Users/Justin/OneDrive/Documents/CADD-E/UI-App/flask-server/ros2_ws/build/py_pubsub/build --no-deps install_data
[10.191s] running develop
[11.528s] running egg_info
[11.533s] writing py_pubsub.egg-info/PKG-INFO
[11.549s] writing dependency_links to py_pubsub.egg-info/dependency_links.txt
[11.564s] writing entry points to py_pubsub.egg-info/entry_points.txt
[11.577s] writing requirements to py_pubsub.egg-info/requires.txt
[11.586s] writing top-level names to py_pubsub.egg-info/top_level.txt
[11.839s] reading manifest file 'py_pubsub.egg-info/SOURCES.txt'
[12.149s] writing manifest file 'py_pubsub.egg-info/SOURCES.txt'
[12.518s] running build_ext
[12.529s] Creating /mnt/c/Users/Justin/OneDrive/Documents/CADD-E/UI-App/flask-server/ros2_ws/install/py_pubsub/lib/python3.8/site-packages/py-pubsub.egg-link (link to .)
[12.589s] Installing listener script to /mnt/c/Users/Justin/OneDrive/Documents/CADD-E/UI-App/flask-server/ros2_ws/install/py_pubsub/lib/py_pubsub
[12.624s] Installing talker script to /mnt/c/Users/Justin/OneDrive/Documents/CADD-E/UI-App/flask-server/ros2_ws/install/py_pubsub/lib/py_pubsub
[12.660s] Installing talker1 script to /mnt/c/Users/Justin/OneDrive/Documents/CADD-E/UI-App/flask-server/ros2_ws/install/py_pubsub/lib/py_pubsub
[12.710s] Installing talker2 script to /mnt/c/Users/Justin/OneDrive/Documents/CADD-E/UI-App/flask-server/ros2_ws/install/py_pubsub/lib/py_pubsub
[12.767s] 
[12.771s] Installed /mnt/c/Users/Justin/OneDrive/Documents/CADD-E/UI-App/flask-server/ros2_ws/build/py_pubsub
[12.780s] running install_data
[12.950s] Invoked command in '/mnt/c/Users/Justin/OneDrive/Documents/CADD-E/UI-App/flask-server/ros2_ws/build/py_pubsub' returned '0': PS1=(venv) \[\e]0;\u@\h: \w\a\]${debian_chroot:+($debian_chroot)}\[\033[01;32m\]\u@\h\[\033[00m\]:\[\033[01;34m\]\w\[\033[00m\]\$ PYTHONPATH=/mnt/c/Users/Justin/OneDrive/Documents/CADD-E/UI-App/flask-server/ros2_ws/build/py_pubsub/prefix_override:/mnt/c/Users/Justin/OneDrive/Documents/CADD-E/UI-App/flask-server/ros2_ws/install/py_pubsub/lib/python3.8/site-packages:${PYTHONPATH} /usr/bin/python3 setup.py develop --editable --build-directory /mnt/c/Users/Justin/OneDrive/Documents/CADD-E/UI-App/flask-server/ros2_ws/build/py_pubsub/build --no-deps install_data
