[8.380s] Invoking command in '/mnt/c/Users/Justin/OneDrive/Documents/GitHub/CADD-E/UI-App/flask-server/ros2_ws/src/py_pubsub': PS1=(venv) \[\e]0;\u@\h: \w\a\]${debian_chroot:+($debian_chroot)}\[\033[01;32m\]\u@\h\[\033[00m\]:\[\033[01;34m\]\w\[\033[00m\]\$ PYTHONPATH=/mnt/c/Users/Justin/OneDrive/Documents/GitHub/CADD-E/UI-App/flask-server/ros2_ws/build/py_pubsub/prefix_override:/mnt/c/Users/Justin/OneDrive/Documents/GitHub/CADD-E/UI-App/flask-server/ros2_ws/install/py_pubsub/lib/python3.8/site-packages:${PYTHONPATH} /usr/bin/python3 setup.py egg_info --egg-base ../../build/py_pubsub build --build-base /mnt/c/Users/Justin/OneDrive/Documents/GitHub/CADD-E/UI-App/flask-server/ros2_ws/build/py_pubsub/build install --record /mnt/c/Users/Justin/OneDrive/Documents/GitHub/CADD-E/UI-App/flask-server/ros2_ws/build/py_pubsub/install.log --install-scripts $base/lib/py_pubsub --single-version-externally-managed
[12.135s] running egg_info
[12.152s] writing ../../build/py_pubsub/py_pubsub.egg-info/PKG-INFO
[12.172s] writing dependency_links to ../../build/py_pubsub/py_pubsub.egg-info/dependency_links.txt
[12.192s] writing entry points to ../../build/py_pubsub/py_pubsub.egg-info/entry_points.txt
[12.205s] writing requirements to ../../build/py_pubsub/py_pubsub.egg-info/requires.txt
[12.214s] writing top-level names to ../../build/py_pubsub/py_pubsub.egg-info/top_level.txt
[12.484s] reading manifest file '../../build/py_pubsub/py_pubsub.egg-info/SOURCES.txt'
[12.674s] writing manifest file '../../build/py_pubsub/py_pubsub.egg-info/SOURCES.txt'
[12.683s] running build
[12.686s] running build_py
[12.723s] copying py_pubsub/publisher_member_function.py -> /mnt/c/Users/Justin/OneDrive/Documents/GitHub/CADD-E/UI-App/flask-server/ros2_ws/build/py_pubsub/build/lib/py_pubsub
[12.851s] running install
[12.878s] running install_lib
[12.991s] copying /mnt/c/Users/Justin/OneDrive/Documents/GitHub/CADD-E/UI-App/flask-server/ros2_ws/build/py_pubsub/build/lib/py_pubsub/publisher_member_function.py -> /mnt/c/Users/Justin/OneDrive/Documents/GitHub/CADD-E/UI-App/flask-server/ros2_ws/install/py_pubsub/lib/python3.8/site-packages/py_pubsub
[13.226s] byte-compiling /mnt/c/Users/Justin/OneDrive/Documents/GitHub/CADD-E/UI-App/flask-server/ros2_ws/install/py_pubsub/lib/python3.8/site-packages/py_pubsub/publisher_member_function.py to publisher_member_function.cpython-38.pyc
[13.386s] running install_data
[13.451s] running install_egg_info
[13.490s] removing '/mnt/c/Users/Justin/OneDrive/Documents/GitHub/CADD-E/UI-App/flask-server/ros2_ws/install/py_pubsub/lib/python3.8/site-packages/py_pubsub-0.0.0-py3.8.egg-info' (and everything under it)
[13.654s] Copying ../../build/py_pubsub/py_pubsub.egg-info to /mnt/c/Users/Justin/OneDrive/Documents/GitHub/CADD-E/UI-App/flask-server/ros2_ws/install/py_pubsub/lib/python3.8/site-packages/py_pubsub-0.0.0-py3.8.egg-info
[14.336s] running install_scripts
[14.558s] Installing listener script to /mnt/c/Users/Justin/OneDrive/Documents/GitHub/CADD-E/UI-App/flask-server/ros2_ws/install/py_pubsub/lib/py_pubsub
[14.585s] Installing talker script to /mnt/c/Users/Justin/OneDrive/Documents/GitHub/CADD-E/UI-App/flask-server/ros2_ws/install/py_pubsub/lib/py_pubsub
[14.619s] writing list of installed files to '/mnt/c/Users/Justin/OneDrive/Documents/GitHub/CADD-E/UI-App/flask-server/ros2_ws/build/py_pubsub/install.log'
[14.643s] Invoked command in '/mnt/c/Users/Justin/OneDrive/Documents/GitHub/CADD-E/UI-App/flask-server/ros2_ws/src/py_pubsub' returned '0': PS1=(venv) \[\e]0;\u@\h: \w\a\]${debian_chroot:+($debian_chroot)}\[\033[01;32m\]\u@\h\[\033[00m\]:\[\033[01;34m\]\w\[\033[00m\]\$ PYTHONPATH=/mnt/c/Users/Justin/OneDrive/Documents/GitHub/CADD-E/UI-App/flask-server/ros2_ws/build/py_pubsub/prefix_override:/mnt/c/Users/Justin/OneDrive/Documents/GitHub/CADD-E/UI-App/flask-server/ros2_ws/install/py_pubsub/lib/python3.8/site-packages:${PYTHONPATH} /usr/bin/python3 setup.py egg_info --egg-base ../../build/py_pubsub build --build-base /mnt/c/Users/Justin/OneDrive/Documents/GitHub/CADD-E/UI-App/flask-server/ros2_ws/build/py_pubsub/build install --record /mnt/c/Users/Justin/OneDrive/Documents/GitHub/CADD-E/UI-App/flask-server/ros2_ws/build/py_pubsub/install.log --install-scripts $base/lib/py_pubsub --single-version-externally-managed
