[2.968s] DEBUG:colcon:Command line arguments: ['/usr/bin/colcon', 'build', '--symlink-install']
[2.969s] DEBUG:colcon:Parsed command line arguments: Namespace(allow_overriding=[], ament_cmake_args=None, base_paths=['.'], build_base='build', catkin_cmake_args=None, catkin_skip_building_tests=False, cmake_args=None, cmake_clean_cache=False, cmake_clean_first=False, cmake_force_configure=False, cmake_target=None, cmake_target_skip_unavailable=False, continue_on_error=False, event_handlers=None, executor='parallel', ignore_user_meta=False, install_base='install', log_base=None, log_level=None, main=<bound method BuildVerb.main of <colcon_core.verb.build.BuildVerb object at 0x7f9aef74cb80>>, merge_install=False, metas=['./colcon.meta'], packages_above=None, packages_above_and_dependencies=None, packages_above_depth=None, packages_end=None, packages_ignore=None, packages_ignore_regex=None, packages_select=None, packages_select_build_failed=False, packages_select_by_dep=None, packages_select_regex=None, packages_select_test_failures=False, packages_skip=None, packages_skip_build_finished=False, packages_skip_by_dep=None, packages_skip_regex=None, packages_skip_test_passed=False, packages_skip_up_to=None, packages_start=None, packages_up_to=None, packages_up_to_regex=None, parallel_workers=8, paths=None, symlink_install=True, test_result_base=None, verb_extension=<colcon_core.verb.build.BuildVerb object at 0x7f9aef74cb80>, verb_name='build', verb_parser=<colcon_defaults.argument_parser.defaults.DefaultArgumentsDecorator object at 0x7f9aef6d8130>)
[3.334s] Level 1:colcon.colcon_core.package_discovery:discover_packages(colcon_meta) check parameters
[3.335s] Level 1:colcon.colcon_core.package_discovery:discover_packages(recursive) check parameters
[3.336s] Level 1:colcon.colcon_core.package_discovery:discover_packages(ignore) check parameters
[3.337s] Level 1:colcon.colcon_core.package_discovery:discover_packages(path) check parameters
[3.337s] Level 1:colcon.colcon_core.package_discovery:discover_packages(colcon_meta) discover
[3.338s] Level 1:colcon.colcon_core.package_discovery:discover_packages(recursive) discover
[3.338s] INFO:colcon.colcon_core.package_discovery:Crawling recursively for packages in '/mnt/c/Users/Justin/OneDrive/Documents/Github/CADD-E/UI-App/flask-server/ros2_ws'
[3.343s] Level 1:colcon.colcon_core.package_identification:_identify(.) by extensions ['ignore', 'ignore_ament_install']
[3.344s] Level 1:colcon.colcon_core.package_identification:_identify(.) by extension 'ignore'
[3.345s] Level 1:colcon.colcon_core.package_identification:_identify(.) by extension 'ignore_ament_install'
[3.346s] Level 1:colcon.colcon_core.package_identification:_identify(.) by extensions ['colcon_pkg']
[3.347s] Level 1:colcon.colcon_core.package_identification:_identify(.) by extension 'colcon_pkg'
[3.348s] Level 1:colcon.colcon_core.package_identification:_identify(.) by extensions ['colcon_meta']
[3.349s] Level 1:colcon.colcon_core.package_identification:_identify(.) by extension 'colcon_meta'
[3.349s] Level 1:colcon.colcon_core.package_identification:_identify(.) by extensions ['ros']
[3.350s] Level 1:colcon.colcon_core.package_identification:_identify(.) by extension 'ros'
[3.402s] Level 1:colcon.colcon_core.package_identification:_identify(.) by extensions ['cmake', 'python']
[3.403s] Level 1:colcon.colcon_core.package_identification:_identify(.) by extension 'cmake'
[3.404s] Level 1:colcon.colcon_core.package_identification:_identify(.) by extension 'python'
[3.405s] Level 1:colcon.colcon_core.package_identification:_identify(.) by extensions ['python_setup_py']
[3.405s] Level 1:colcon.colcon_core.package_identification:_identify(.) by extension 'python_setup_py'
[3.415s] Level 1:colcon.colcon_core.package_identification:_identify(build) by extensions ['ignore', 'ignore_ament_install']
[3.416s] Level 1:colcon.colcon_core.package_identification:_identify(build) by extension 'ignore'
[3.420s] Level 1:colcon.colcon_core.package_identification:_identify(build) ignored
[3.428s] Level 1:colcon.colcon_core.package_identification:_identify(install) by extensions ['ignore', 'ignore_ament_install']
[3.429s] Level 1:colcon.colcon_core.package_identification:_identify(install) by extension 'ignore'
[3.434s] Level 1:colcon.colcon_core.package_identification:_identify(install) ignored
[3.446s] Level 1:colcon.colcon_core.package_identification:_identify(log) by extensions ['ignore', 'ignore_ament_install']
[3.447s] Level 1:colcon.colcon_core.package_identification:_identify(log) by extension 'ignore'
[3.449s] Level 1:colcon.colcon_core.package_identification:_identify(log) ignored
[3.456s] Level 1:colcon.colcon_core.package_identification:_identify(src) by extensions ['ignore', 'ignore_ament_install']
[3.457s] Level 1:colcon.colcon_core.package_identification:_identify(src) by extension 'ignore'
[3.460s] Level 1:colcon.colcon_core.package_identification:_identify(src) by extension 'ignore_ament_install'
[3.464s] Level 1:colcon.colcon_core.package_identification:_identify(src) by extensions ['colcon_pkg']
[3.465s] Level 1:colcon.colcon_core.package_identification:_identify(src) by extension 'colcon_pkg'
[3.467s] Level 1:colcon.colcon_core.package_identification:_identify(src) by extensions ['colcon_meta']
[3.468s] Level 1:colcon.colcon_core.package_identification:_identify(src) by extension 'colcon_meta'
[3.470s] Level 1:colcon.colcon_core.package_identification:_identify(src) by extensions ['ros']
[3.471s] Level 1:colcon.colcon_core.package_identification:_identify(src) by extension 'ros'
[3.481s] Level 1:colcon.colcon_core.package_identification:_identify(src) by extensions ['cmake', 'python']
[3.482s] Level 1:colcon.colcon_core.package_identification:_identify(src) by extension 'cmake'
[3.484s] Level 1:colcon.colcon_core.package_identification:_identify(src) by extension 'python'
[3.487s] Level 1:colcon.colcon_core.package_identification:_identify(src) by extensions ['python_setup_py']
[3.487s] Level 1:colcon.colcon_core.package_identification:_identify(src) by extension 'python_setup_py'
[3.501s] Level 1:colcon.colcon_core.package_identification:_identify(src/py_pubsub) by extensions ['ignore', 'ignore_ament_install']
[3.502s] Level 1:colcon.colcon_core.package_identification:_identify(src/py_pubsub) by extension 'ignore'
[3.506s] Level 1:colcon.colcon_core.package_identification:_identify(src/py_pubsub) by extension 'ignore_ament_install'
[3.513s] Level 1:colcon.colcon_core.package_identification:_identify(src/py_pubsub) by extensions ['colcon_pkg']
[3.514s] Level 1:colcon.colcon_core.package_identification:_identify(src/py_pubsub) by extension 'colcon_pkg'
[3.518s] Level 1:colcon.colcon_core.package_identification:_identify(src/py_pubsub) by extensions ['colcon_meta']
[3.519s] Level 1:colcon.colcon_core.package_identification:_identify(src/py_pubsub) by extension 'colcon_meta'
[3.525s] Level 1:colcon.colcon_core.package_identification:_identify(src/py_pubsub) by extensions ['ros']
[3.525s] Level 1:colcon.colcon_core.package_identification:_identify(src/py_pubsub) by extension 'ros'
[3.563s] DEBUG:colcon.colcon_core.package_identification:Package 'src/py_pubsub' with type 'ros.ament_python' and name 'py_pubsub'
[3.564s] Level 1:colcon.colcon_core.package_discovery:discover_packages(recursive) using defaults
[3.564s] Level 1:colcon.colcon_core.package_discovery:discover_packages(ignore) discover
[3.565s] Level 1:colcon.colcon_core.package_discovery:discover_packages(ignore) using defaults
[3.565s] Level 1:colcon.colcon_core.package_discovery:discover_packages(path) discover
[3.566s] Level 1:colcon.colcon_core.package_discovery:discover_packages(path) using defaults
[3.979s] Level 1:colcon.colcon_core.package_discovery:discover_packages(prefix_path) check parameters
[3.979s] Level 1:colcon.colcon_core.package_discovery:discover_packages(prefix_path) discover
[4.136s] DEBUG:colcon.colcon_installed_package_information.package_discovery:Found 1 installed packages in /mnt/c/Users/Justin/OneDrive/Documents/Github/CADD-E/UI-App/flask-server/ros2_ws/install
[4.240s] DEBUG:colcon.colcon_installed_package_information.package_discovery:Found 1 installed packages in /mnt/c/Users/Justin/OneDrive/Documents/GitHub/CADD-E/UI-App/flask-server/install
[4.259s] DEBUG:colcon.colcon_installed_package_information.package_discovery:Found 256 installed packages in /opt/ros/foxy
[4.260s] Level 1:colcon.colcon_core.package_discovery:discover_packages(prefix_path) using defaults
[4.401s] Level 5:colcon.colcon_core.verb:set package 'py_pubsub' build argument 'cmake_args' from command line to 'None'
[4.402s] Level 5:colcon.colcon_core.verb:set package 'py_pubsub' build argument 'cmake_target' from command line to 'None'
[4.402s] Level 5:colcon.colcon_core.verb:set package 'py_pubsub' build argument 'cmake_target_skip_unavailable' from command line to 'False'
[4.403s] Level 5:colcon.colcon_core.verb:set package 'py_pubsub' build argument 'cmake_clean_cache' from command line to 'False'
[4.404s] Level 5:colcon.colcon_core.verb:set package 'py_pubsub' build argument 'cmake_clean_first' from command line to 'False'
[4.404s] Level 5:colcon.colcon_core.verb:set package 'py_pubsub' build argument 'cmake_force_configure' from command line to 'False'
[4.405s] Level 5:colcon.colcon_core.verb:set package 'py_pubsub' build argument 'ament_cmake_args' from command line to 'None'
[4.405s] Level 5:colcon.colcon_core.verb:set package 'py_pubsub' build argument 'catkin_cmake_args' from command line to 'None'
[4.406s] Level 5:colcon.colcon_core.verb:set package 'py_pubsub' build argument 'catkin_skip_building_tests' from command line to 'False'
[4.407s] DEBUG:colcon.colcon_core.verb:Building package 'py_pubsub' with the following arguments: {'ament_cmake_args': None, 'build_base': '/mnt/c/Users/Justin/OneDrive/Documents/Github/CADD-E/UI-App/flask-server/ros2_ws/build/py_pubsub', 'catkin_cmake_args': None, 'catkin_skip_building_tests': False, 'cmake_args': None, 'cmake_clean_cache': False, 'cmake_clean_first': False, 'cmake_force_configure': False, 'cmake_target': None, 'cmake_target_skip_unavailable': False, 'install_base': '/mnt/c/Users/Justin/OneDrive/Documents/Github/CADD-E/UI-App/flask-server/ros2_ws/install/py_pubsub', 'merge_install': False, 'path': '/mnt/c/Users/Justin/OneDrive/Documents/Github/CADD-E/UI-App/flask-server/ros2_ws/src/py_pubsub', 'symlink_install': True, 'test_result_base': None}
[4.408s] INFO:colcon.colcon_core.executor:Executing jobs using 'parallel' executor
[4.412s] DEBUG:colcon.colcon_parallel_executor.executor.parallel:run_until_complete
[4.413s] INFO:colcon.colcon_ros.task.ament_python.build:Building ROS package in '/mnt/c/Users/Justin/OneDrive/Documents/Github/CADD-E/UI-App/flask-server/ros2_ws/src/py_pubsub' with build type 'ament_python'
[4.414s] Level 1:colcon.colcon_core.shell:create_environment_hook('py_pubsub', 'ament_prefix_path')
[4.477s] INFO:colcon.colcon_core.plugin_system:Skipping extension 'colcon_core.shell.bat': Not used on non-Windows systems
[4.478s] INFO:colcon.colcon_core.shell:Creating environment hook '/mnt/c/Users/Justin/OneDrive/Documents/Github/CADD-E/UI-App/flask-server/ros2_ws/install/py_pubsub/share/py_pubsub/hook/ament_prefix_path.ps1'
[4.521s] INFO:colcon.colcon_core.shell:Creating environment descriptor '/mnt/c/Users/Justin/OneDrive/Documents/Github/CADD-E/UI-App/flask-server/ros2_ws/install/py_pubsub/share/py_pubsub/hook/ament_prefix_path.dsv'
[4.567s] INFO:colcon.colcon_core.shell:Creating environment hook '/mnt/c/Users/Justin/OneDrive/Documents/Github/CADD-E/UI-App/flask-server/ros2_ws/install/py_pubsub/share/py_pubsub/hook/ament_prefix_path.sh'
[4.610s] INFO:colcon.colcon_core.shell:Skip shell extension 'powershell' for command environment: Not usable outside of PowerShell
[4.611s] DEBUG:colcon.colcon_core.shell:Skip shell extension 'dsv' for command environment
[8.730s] INFO:colcon.colcon_core.task.python.build:Building Python package in '/mnt/c/Users/Justin/OneDrive/Documents/Github/CADD-E/UI-App/flask-server/ros2_ws/src/py_pubsub'
[8.733s] INFO:colcon.colcon_core.shell:Skip shell extension 'powershell' for command environment: Not usable outside of PowerShell
[8.734s] DEBUG:colcon.colcon_core.shell:Skip shell extension 'dsv' for command environment
[16.090s] DEBUG:colcon.colcon_core.event_handler.log_command:Invoking command in '/mnt/c/Users/Justin/OneDrive/Documents/Github/CADD-E/UI-App/flask-server/ros2_ws/build/py_pubsub': PS1=(venv) \[\e]0;\u@\h: \w\a\]${debian_chroot:+($debian_chroot)}\[\033[01;32m\]\u@\h\[\033[00m\]:\[\033[01;34m\]\w\[\033[00m\]\$ PYTHONPATH=/mnt/c/Users/Justin/OneDrive/Documents/Github/CADD-E/UI-App/flask-server/ros2_ws/build/py_pubsub/prefix_override:/mnt/c/Users/Justin/OneDrive/Documents/Github/CADD-E/UI-App/flask-server/ros2_ws/install/py_pubsub/lib/python3.8/site-packages:${PYTHONPATH} /usr/bin/python3 setup.py develop --editable --build-directory /mnt/c/Users/Justin/OneDrive/Documents/Github/CADD-E/UI-App/flask-server/ros2_ws/build/py_pubsub/build --no-deps install_data
[24.299s] Level 1:colcon.colcon_core.shell:create_environment_hook('py_pubsub', 'pythonpath_develop')
[24.301s] INFO:colcon.colcon_core.shell:Creating environment hook '/mnt/c/Users/Justin/OneDrive/Documents/Github/CADD-E/UI-App/flask-server/ros2_ws/build/py_pubsub/share/py_pubsub/hook/pythonpath_develop.ps1'
[24.304s] DEBUG:colcon.colcon_core.event_handler.log_command:Invoked command in '/mnt/c/Users/Justin/OneDrive/Documents/Github/CADD-E/UI-App/flask-server/ros2_ws/build/py_pubsub' returned '0': PS1=(venv) \[\e]0;\u@\h: \w\a\]${debian_chroot:+($debian_chroot)}\[\033[01;32m\]\u@\h\[\033[00m\]:\[\033[01;34m\]\w\[\033[00m\]\$ PYTHONPATH=/mnt/c/Users/Justin/OneDrive/Documents/Github/CADD-E/UI-App/flask-server/ros2_ws/build/py_pubsub/prefix_override:/mnt/c/Users/Justin/OneDrive/Documents/Github/CADD-E/UI-App/flask-server/ros2_ws/install/py_pubsub/lib/python3.8/site-packages:${PYTHONPATH} /usr/bin/python3 setup.py develop --editable --build-directory /mnt/c/Users/Justin/OneDrive/Documents/Github/CADD-E/UI-App/flask-server/ros2_ws/build/py_pubsub/build --no-deps install_data
[24.342s] INFO:colcon.colcon_core.shell:Creating environment descriptor '/mnt/c/Users/Justin/OneDrive/Documents/Github/CADD-E/UI-App/flask-server/ros2_ws/build/py_pubsub/share/py_pubsub/hook/pythonpath_develop.dsv'
[24.387s] INFO:colcon.colcon_core.shell:Creating environment hook '/mnt/c/Users/Justin/OneDrive/Documents/Github/CADD-E/UI-App/flask-server/ros2_ws/build/py_pubsub/share/py_pubsub/hook/pythonpath_develop.sh'
[24.494s] Level 1:colcon.colcon_core.environment:checking '/mnt/c/Users/Justin/OneDrive/Documents/Github/CADD-E/UI-App/flask-server/ros2_ws/install/py_pubsub' for CMake module files
[24.674s] Level 1:colcon.colcon_core.environment:checking '/mnt/c/Users/Justin/OneDrive/Documents/Github/CADD-E/UI-App/flask-server/ros2_ws/install/py_pubsub' for CMake config files
[24.977s] Level 1:colcon.colcon_core.environment:checking '/mnt/c/Users/Justin/OneDrive/Documents/Github/CADD-E/UI-App/flask-server/ros2_ws/install/py_pubsub/lib'
[24.990s] Level 1:colcon.colcon_core.environment:checking '/mnt/c/Users/Justin/OneDrive/Documents/Github/CADD-E/UI-App/flask-server/ros2_ws/install/py_pubsub/bin'
[24.997s] Level 1:colcon.colcon_core.environment:checking '/mnt/c/Users/Justin/OneDrive/Documents/Github/CADD-E/UI-App/flask-server/ros2_ws/install/py_pubsub/lib/pkgconfig/py_pubsub.pc'
[25.003s] Level 1:colcon.colcon_core.environment:checking '/mnt/c/Users/Justin/OneDrive/Documents/Github/CADD-E/UI-App/flask-server/ros2_ws/install/py_pubsub/lib/python3.8/site-packages'
[25.010s] Level 1:colcon.colcon_core.shell:create_environment_hook('py_pubsub', 'pythonpath')
[25.013s] INFO:colcon.colcon_core.shell:Creating environment hook '/mnt/c/Users/Justin/OneDrive/Documents/Github/CADD-E/UI-App/flask-server/ros2_ws/install/py_pubsub/share/py_pubsub/hook/pythonpath.ps1'
[25.055s] INFO:colcon.colcon_core.shell:Creating environment descriptor '/mnt/c/Users/Justin/OneDrive/Documents/Github/CADD-E/UI-App/flask-server/ros2_ws/install/py_pubsub/share/py_pubsub/hook/pythonpath.dsv'
[25.101s] INFO:colcon.colcon_core.shell:Creating environment hook '/mnt/c/Users/Justin/OneDrive/Documents/Github/CADD-E/UI-App/flask-server/ros2_ws/install/py_pubsub/share/py_pubsub/hook/pythonpath.sh'
[25.145s] Level 1:colcon.colcon_core.environment:checking '/mnt/c/Users/Justin/OneDrive/Documents/Github/CADD-E/UI-App/flask-server/ros2_ws/install/py_pubsub/bin'
[25.149s] Level 1:colcon.colcon_core.environment:create_environment_scripts_only(py_pubsub)
[25.151s] INFO:colcon.colcon_core.shell:Creating package script '/mnt/c/Users/Justin/OneDrive/Documents/Github/CADD-E/UI-App/flask-server/ros2_ws/install/py_pubsub/share/py_pubsub/package.ps1'
[25.189s] INFO:colcon.colcon_core.shell:Creating package descriptor '/mnt/c/Users/Justin/OneDrive/Documents/Github/CADD-E/UI-App/flask-server/ros2_ws/install/py_pubsub/share/py_pubsub/package.dsv'
[25.224s] INFO:colcon.colcon_core.shell:Creating package script '/mnt/c/Users/Justin/OneDrive/Documents/Github/CADD-E/UI-App/flask-server/ros2_ws/install/py_pubsub/share/py_pubsub/package.sh'
[25.260s] INFO:colcon.colcon_core.shell:Creating package script '/mnt/c/Users/Justin/OneDrive/Documents/Github/CADD-E/UI-App/flask-server/ros2_ws/install/py_pubsub/share/py_pubsub/package.bash'
[25.300s] INFO:colcon.colcon_core.shell:Creating package script '/mnt/c/Users/Justin/OneDrive/Documents/Github/CADD-E/UI-App/flask-server/ros2_ws/install/py_pubsub/share/py_pubsub/package.zsh'
[25.336s] Level 1:colcon.colcon_core.environment:create_file_with_runtime_dependencies(/mnt/c/Users/Justin/OneDrive/Documents/Github/CADD-E/UI-App/flask-server/ros2_ws/install/py_pubsub/share/colcon-core/packages/py_pubsub)
[25.364s] DEBUG:colcon.colcon_parallel_executor.executor.parallel:closing loop
[25.365s] DEBUG:colcon.colcon_parallel_executor.executor.parallel:loop closed
[25.366s] DEBUG:colcon.colcon_parallel_executor.executor.parallel:run_until_complete finished with '0'
[25.366s] DEBUG:colcon.colcon_core.event_reactor:joining thread
[25.596s] INFO:colcon.colcon_core.plugin_system:Skipping extension 'colcon_notification.desktop_notification.notify_send': Could not find 'notify-send'
[25.597s] INFO:colcon.colcon_core.plugin_system:Skipping extension 'colcon_notification.desktop_notification.terminal_notifier': Not used on non-Darwin systems
[25.597s] INFO:colcon.colcon_core.plugin_system:Skipping extension 'colcon_notification.desktop_notification.win32': Not used on non-Windows systems
[25.598s] INFO:colcon.colcon_notification.desktop_notification:Sending desktop notification using 'notify2'
[25.606s] DEBUG:colcon.colcon_notification.desktop_notification.notify2:Failed to initialize notify2: org.freedesktop.DBus.Error.ServiceUnknown: The name org.freedesktop.Notifications was not provided by any .service files
[25.607s] DEBUG:colcon.colcon_core.event_reactor:joined thread
[25.609s] INFO:colcon.colcon_core.shell:Creating prefix script '/mnt/c/Users/Justin/OneDrive/Documents/Github/CADD-E/UI-App/flask-server/ros2_ws/install/local_setup.ps1'
[25.625s] INFO:colcon.colcon_core.shell:Creating prefix util module '/mnt/c/Users/Justin/OneDrive/Documents/Github/CADD-E/UI-App/flask-server/ros2_ws/install/_local_setup_util_ps1.py'
[25.641s] INFO:colcon.colcon_core.shell:Creating prefix chain script '/mnt/c/Users/Justin/OneDrive/Documents/Github/CADD-E/UI-App/flask-server/ros2_ws/install/setup.ps1'
[25.705s] INFO:colcon.colcon_core.shell:Creating prefix script '/mnt/c/Users/Justin/OneDrive/Documents/Github/CADD-E/UI-App/flask-server/ros2_ws/install/local_setup.sh'
[25.719s] INFO:colcon.colcon_core.shell:Creating prefix util module '/mnt/c/Users/Justin/OneDrive/Documents/Github/CADD-E/UI-App/flask-server/ros2_ws/install/_local_setup_util_sh.py'
[25.734s] INFO:colcon.colcon_core.shell:Creating prefix chain script '/mnt/c/Users/Justin/OneDrive/Documents/Github/CADD-E/UI-App/flask-server/ros2_ws/install/setup.sh'
[25.803s] INFO:colcon.colcon_core.shell:Creating prefix script '/mnt/c/Users/Justin/OneDrive/Documents/Github/CADD-E/UI-App/flask-server/ros2_ws/install/local_setup.bash'
[25.817s] INFO:colcon.colcon_core.shell:Creating prefix chain script '/mnt/c/Users/Justin/OneDrive/Documents/Github/CADD-E/UI-App/flask-server/ros2_ws/install/setup.bash'
[25.884s] INFO:colcon.colcon_core.shell:Creating prefix script '/mnt/c/Users/Justin/OneDrive/Documents/Github/CADD-E/UI-App/flask-server/ros2_ws/install/local_setup.zsh'
[25.898s] INFO:colcon.colcon_core.shell:Creating prefix chain script '/mnt/c/Users/Justin/OneDrive/Documents/Github/CADD-E/UI-App/flask-server/ros2_ws/install/setup.zsh'
