[9.325s] Invoking command in '/mnt/c/Users/Justin/OneDrive/Documents/GitHub/CADD-E/UI-App/flask-server/ros2_ws/src/py_pubsub': PS1=(venv) \[\e]0;\u@\h: \w\a\]${debian_chroot:+($debian_chroot)}\[\033[01;32m\]\u@\h\[\033[00m\]:\[\033[01;34m\]\w\[\033[00m\]\$ PYTHONPATH=/mnt/c/Users/Justin/OneDrive/Documents/GitHub/CADD-E/UI-App/flask-server/ros2_ws/build/py_pubsub/prefix_override:/mnt/c/Users/Justin/OneDrive/Documents/GitHub/CADD-E/UI-App/flask-server/ros2_ws/install/py_pubsub/lib/python3.8/site-packages:${PYTHONPATH} /usr/bin/python3 setup.py egg_info --egg-base ../../build/py_pubsub build --build-base /mnt/c/Users/Justin/OneDrive/Documents/GitHub/CADD-E/UI-App/flask-server/ros2_ws/build/py_pubsub/build install --record /mnt/c/Users/Justin/OneDrive/Documents/GitHub/CADD-E/UI-App/flask-server/ros2_ws/build/py_pubsub/install.log --install-scripts $base/lib/py_pubsub --single-version-externally-managed
[13.816s] running egg_info
[13.837s] writing ../../build/py_pubsub/py_pubsub.egg-info/PKG-INFO
[13.877s] writing dependency_links to ../../build/py_pubsub/py_pubsub.egg-info/dependency_links.txt
[13.900s] writing entry points to ../../build/py_pubsub/py_pubsub.egg-info/entry_points.txt
[13.925s] writing requirements to ../../build/py_pubsub/py_pubsub.egg-info/requires.txt
[13.942s] writing top-level names to ../../build/py_pubsub/py_pubsub.egg-info/top_level.txt
[14.329s] reading manifest file '../../build/py_pubsub/py_pubsub.egg-info/SOURCES.txt'
[14.607s] writing manifest file '../../build/py_pubsub/py_pubsub.egg-info/SOURCES.txt'
[14.617s] running build
[14.620s] running build_py
[14.785s] running install
[14.823s] running install_lib
[15.331s] running install_data
[15.435s] running install_egg_info
[15.492s] removing '/mnt/c/Users/Justin/OneDrive/Documents/GitHub/CADD-E/UI-App/flask-server/ros2_ws/install/py_pubsub/lib/python3.8/site-packages/py_pubsub-0.0.0-py3.8.egg-info' (and everything under it)
[15.708s] Copying ../../build/py_pubsub/py_pubsub.egg-info to /mnt/c/Users/Justin/OneDrive/Documents/GitHub/CADD-E/UI-App/flask-server/ros2_ws/install/py_pubsub/lib/python3.8/site-packages/py_pubsub-0.0.0-py3.8.egg-info
[16.591s] running install_scripts
[16.842s] Installing listener script to /mnt/c/Users/Justin/OneDrive/Documents/GitHub/CADD-E/UI-App/flask-server/ros2_ws/install/py_pubsub/lib/py_pubsub
[16.881s] Installing talker script to /mnt/c/Users/Justin/OneDrive/Documents/GitHub/CADD-E/UI-App/flask-server/ros2_ws/install/py_pubsub/lib/py_pubsub
[16.919s] writing list of installed files to '/mnt/c/Users/Justin/OneDrive/Documents/GitHub/CADD-E/UI-App/flask-server/ros2_ws/build/py_pubsub/install.log'
[16.960s] Invoked command in '/mnt/c/Users/Justin/OneDrive/Documents/GitHub/CADD-E/UI-App/flask-server/ros2_ws/src/py_pubsub' returned '0': PS1=(venv) \[\e]0;\u@\h: \w\a\]${debian_chroot:+($debian_chroot)}\[\033[01;32m\]\u@\h\[\033[00m\]:\[\033[01;34m\]\w\[\033[00m\]\$ PYTHONPATH=/mnt/c/Users/Justin/OneDrive/Documents/GitHub/CADD-E/UI-App/flask-server/ros2_ws/build/py_pubsub/prefix_override:/mnt/c/Users/Justin/OneDrive/Documents/GitHub/CADD-E/UI-App/flask-server/ros2_ws/install/py_pubsub/lib/python3.8/site-packages:${PYTHONPATH} /usr/bin/python3 setup.py egg_info --egg-base ../../build/py_pubsub build --build-base /mnt/c/Users/Justin/OneDrive/Documents/GitHub/CADD-E/UI-App/flask-server/ros2_ws/build/py_pubsub/build install --record /mnt/c/Users/Justin/OneDrive/Documents/GitHub/CADD-E/UI-App/flask-server/ros2_ws/build/py_pubsub/install.log --install-scripts $base/lib/py_pubsub --single-version-externally-managed
