[11.526s] Invoking command in '/mnt/c/Users/Justin/OneDrive/Documents/Github/CADD-E/UI-App/flask-server/ros2_ws/build/py_pubsub': PS1=(venv) \[\e]0;\u@\h: \w\a\]${debian_chroot:+($debian_chroot)}\[\033[01;32m\]\u@\h\[\033[00m\]:\[\033[01;34m\]\w\[\033[00m\]\$ PYTHONPATH=/mnt/c/Users/Justin/OneDrive/Documents/Github/CADD-E/UI-App/flask-server/ros2_ws/build/py_pubsub/prefix_override:/mnt/c/Users/Justin/OneDrive/Documents/Github/CADD-E/UI-App/flask-server/ros2_ws/install/py_pubsub/lib/python3.8/site-packages:${PYTHONPATH} /usr/bin/python3 setup.py develop --editable --build-directory /mnt/c/Users/Justin/OneDrive/Documents/Github/CADD-E/UI-App/flask-server/ros2_ws/build/py_pubsub/build --no-deps install_data
[16.554s] running develop
[18.553s] running egg_info
[18.559s] writing py_pubsub.egg-info/PKG-INFO
[18.575s] writing dependency_links to py_pubsub.egg-info/dependency_links.txt
[18.588s] writing entry points to py_pubsub.egg-info/entry_points.txt
[18.599s] writing requirements to py_pubsub.egg-info/requires.txt
[18.609s] writing top-level names to py_pubsub.egg-info/top_level.txt
[18.915s] reading manifest file 'py_pubsub.egg-info/SOURCES.txt'
[19.254s] writing manifest file 'py_pubsub.egg-info/SOURCES.txt'
[19.830s] running build_ext
[19.851s] Creating /mnt/c/Users/Justin/OneDrive/Documents/Github/CADD-E/UI-App/flask-server/ros2_ws/install/py_pubsub/lib/python3.8/site-packages/py-pubsub.egg-link (link to .)
[19.907s] Installing listener script to /mnt/c/Users/Justin/OneDrive/Documents/Github/CADD-E/UI-App/flask-server/ros2_ws/install/py_pubsub/lib/py_pubsub
[19.957s] Installing talker script to /mnt/c/Users/Justin/OneDrive/Documents/Github/CADD-E/UI-App/flask-server/ros2_ws/install/py_pubsub/lib/py_pubsub
[20.017s] Installing talker1 script to /mnt/c/Users/Justin/OneDrive/Documents/Github/CADD-E/UI-App/flask-server/ros2_ws/install/py_pubsub/lib/py_pubsub
[20.090s] Installing talker2 script to /mnt/c/Users/Justin/OneDrive/Documents/Github/CADD-E/UI-App/flask-server/ros2_ws/install/py_pubsub/lib/py_pubsub
[20.158s] 
[20.161s] Installed /mnt/c/Users/Justin/OneDrive/Documents/Github/CADD-E/UI-App/flask-server/ros2_ws/build/py_pubsub
[20.171s] running install_data
[20.337s] Invoked command in '/mnt/c/Users/Justin/OneDrive/Documents/Github/CADD-E/UI-App/flask-server/ros2_ws/build/py_pubsub' returned '0': PS1=(venv) \[\e]0;\u@\h: \w\a\]${debian_chroot:+($debian_chroot)}\[\033[01;32m\]\u@\h\[\033[00m\]:\[\033[01;34m\]\w\[\033[00m\]\$ PYTHONPATH=/mnt/c/Users/Justin/OneDrive/Documents/Github/CADD-E/UI-App/flask-server/ros2_ws/build/py_pubsub/prefix_override:/mnt/c/Users/Justin/OneDrive/Documents/Github/CADD-E/UI-App/flask-server/ros2_ws/install/py_pubsub/lib/python3.8/site-packages:${PYTHONPATH} /usr/bin/python3 setup.py develop --editable --build-directory /mnt/c/Users/Justin/OneDrive/Documents/Github/CADD-E/UI-App/flask-server/ros2_ws/build/py_pubsub/build --no-deps install_data
