running develop
running egg_info
creating py_pubsub.egg-info
writing py_pubsub.egg-info/PKG-INFO
writing dependency_links to py_pubsub.egg-info/dependency_links.txt
writing entry points to py_pubsub.egg-info/entry_points.txt
writing requirements to py_pubsub.egg-info/requires.txt
writing top-level names to py_pubsub.egg-info/top_level.txt
writing manifest file 'py_pubsub.egg-info/SOURCES.txt'
reading manifest file 'py_pubsub.egg-info/SOURCES.txt'
writing manifest file 'py_pubsub.egg-info/SOURCES.txt'
running build_ext
Creating /mnt/c/Users/Justin/OneDrive/Documents/github/CADD-E/UI-App/flask-server/install/py_pubsub/lib/python3.8/site-packages/site.py
Creating /mnt/c/Users/Justin/OneDrive/Documents/github/CADD-E/UI-App/flask-server/install/py_pubsub/lib/python3.8/site-packages/py-pubsub.egg-link (link to .)

Installed /mnt/c/Users/Justin/OneDrive/Documents/github/CADD-E/UI-App/flask-server/build/py_pubsub
running install_data
creating /mnt/c/Users/Justin/OneDrive/Documents/github/CADD-E/UI-App/flask-server/install/py_pubsub/share/ament_index
creating /mnt/c/Users/Justin/OneDrive/Documents/github/CADD-E/UI-App/flask-server/install/py_pubsub/share/ament_index/resource_index
creating /mnt/c/Users/Justin/OneDrive/Documents/github/CADD-E/UI-App/flask-server/install/py_pubsub/share/ament_index/resource_index/packages
copying resource/py_pubsub -> /mnt/c/Users/Justin/OneDrive/Documents/github/CADD-E/UI-App/flask-server/install/py_pubsub/share/ament_index/resource_index/packages
copying package.xml -> /mnt/c/Users/Justin/OneDrive/Documents/github/CADD-E/UI-App/flask-server/install/py_pubsub/share/py_pubsub
